2018-08-01 17:23:06,090 DEBUG c.c.m.StartMain [AWT-EventQueue-0] Application starting
2018-08-01 17:23:06,119 DEBUG c.c.m.StartMain [AWT-EventQueue-0] *************************
2018-08-01 17:23:06,120 DEBUG c.c.m.StartMain [AWT-EventQueue-0] **     STARTING        **
2018-08-01 17:23:06,120 DEBUG c.c.m.StartMain [AWT-EventQueue-0] *************************
2018-08-01 17:23:06,128 DEBUG c.c.u.JXMLDocument [AWT-EventQueue-0] setDocument :/Users/dave/Commander4j/workspace.development/b4Middleware/xml/config/config.xml
2018-08-01 17:23:06,198 DEBUG c.c.s.MiddlewareConfig [AWT-EventQueue-0] Config Name :c4jMiddleware Example
2018-08-01 17:23:06,199 DEBUG c.c.s.MiddlewareConfig [AWT-EventQueue-0] Log Path :/Users/dave/Commander4j/workspace.development/b4Middleware/interface/log
2018-08-01 17:23:06,207 DEBUG c.c.s.MiddlewareConfig [AWT-EventQueue-0] Loading map              : (map01) Rockwell Material Master to C4J Material Master
2018-08-01 17:23:06,308 DEBUG c.c.s.MiddlewareConfig [AWT-EventQueue-0] Loading input connector  : (in1) Read Rockwell Material Master Type XML Mask [Ljava.lang.String;@43e8ed40
2018-08-01 17:23:06,326 DEBUG c.c.s.MiddlewareConfig [AWT-EventQueue-0] Loading output connector : (out1) Write Commander4j Material Master
2018-08-01 17:23:06,328 DEBUG c.c.s.MiddlewareConfig [AWT-EventQueue-0] Loading map              : (map02) S95 Process Order to C4J Process Order
2018-08-01 17:23:06,332 DEBUG c.c.s.MiddlewareConfig [AWT-EventQueue-0] Loading input connector  : (in1) Read SAP S95 CR XML Type XML Mask [Ljava.lang.String;@43e8ed40
2018-08-01 17:23:06,340 DEBUG c.c.s.MiddlewareConfig [AWT-EventQueue-0] Loading output connector : (out1) Write Commander4j Process Order XML
2018-08-01 17:23:06,343 DEBUG c.c.s.MiddlewareConfig [AWT-EventQueue-0] Loading map              : (map03) Synchro CSV
2018-08-01 17:23:06,345 DEBUG c.c.s.MiddlewareConfig [AWT-EventQueue-0] Loading input connector  : (in1) Read CSV Example Type CSV Mask [Ljava.lang.String;@1634cead
2018-08-01 17:23:06,350 DEBUG c.c.s.MiddlewareConfig [AWT-EventQueue-0] Loading output connector : (out1) Write XML Example
2018-08-01 17:23:06,352 DEBUG c.c.s.MiddlewareConfig [AWT-EventQueue-0] Loading map              : (map04) S95 Batch Status Change to C4J Batch Status Change
2018-08-01 17:23:06,354 DEBUG c.c.s.MiddlewareConfig [AWT-EventQueue-0] Loading input connector  : (in1) Read S95 Batch Status Change Type XML Mask [Ljava.lang.String;@43e8ed40
2018-08-01 17:23:06,360 DEBUG c.c.s.MiddlewareConfig [AWT-EventQueue-0] Loading output connector : (out1) Write Commander4j Batch Status Change
2018-08-01 17:23:06,363 DEBUG c.c.s.MiddlewareConfig [AWT-EventQueue-0] Loading map              : (map05) S95 Transfer Schedule to C4J Pallet Status Change
2018-08-01 17:23:06,368 DEBUG c.c.s.MiddlewareConfig [AWT-EventQueue-0] Loading input connector  : (in1) Read SAP S95 TRANSFER ORDER XML Type XML Mask [Ljava.lang.String;@43e8ed40
2018-08-01 17:23:06,377 DEBUG c.c.s.MiddlewareConfig [AWT-EventQueue-0] Loading output connector : (out1) Write Commander4j Pallet Status Change XML
2018-08-01 17:23:06,384 DEBUG c.c.s.MiddlewareConfig [AWT-EventQueue-0] Loading map              : (map06) S95 Process Order Status Change to C4J Process Order Status Change
2018-08-01 17:23:06,387 DEBUG c.c.s.MiddlewareConfig [AWT-EventQueue-0] Loading input connector  : (in1) Read SAP S95 CRST XML Type XML Mask [Ljava.lang.String;@43e8ed40
2018-08-01 17:23:06,392 DEBUG c.c.s.MiddlewareConfig [AWT-EventQueue-0] Loading output connector : (out1) Write Commander4j Process Order Status Change XML
2018-08-01 17:23:06,394 DEBUG c.c.s.MiddlewareConfig [AWT-EventQueue-0] Loading map              : (map07) C4J Production Declaration to S95 Production Declaration
2018-08-01 17:23:06,397 DEBUG c.c.s.MiddlewareConfig [AWT-EventQueue-0] Loading input connector  : (in1) Read C4J Prod Dec XML Type XML Mask [Ljava.lang.String;@43e8ed40
2018-08-01 17:23:06,401 DEBUG c.c.s.MiddlewareConfig [AWT-EventQueue-0] Loading output connector : (out1) Write S95 Prod Dec XML
2018-08-01 17:23:06,403 DEBUG c.c.s.MiddlewareConfig [AWT-EventQueue-0] Loading map              : (map08) ASCII Flat File Fixed Column to XML
2018-08-01 17:23:06,405 DEBUG c.c.s.MiddlewareConfig [AWT-EventQueue-0] Loading input connector  : (in1) Read ASCII Flat File Type ASCII Mask [Ljava.lang.String;@554f43ab
2018-08-01 17:23:06,410 DEBUG c.c.s.MiddlewareConfig [AWT-EventQueue-0] Loading output connector : (out1) Write XML
2018-08-01 17:23:06,413 DEBUG c.c.s.MiddlewareConfig [AWT-EventQueue-0] Loading map              : (map09) Tropos Material XML
2018-08-01 17:23:06,415 DEBUG c.c.s.MiddlewareConfig [AWT-EventQueue-0] Loading input connector  : (in1) Read XML File Type XML Mask [Ljava.lang.String;@43e8ed40
2018-08-01 17:23:06,426 DEBUG c.c.s.MiddlewareConfig [AWT-EventQueue-0] Loading output connector : (out1) Write XML
2018-08-01 17:23:06,428 DEBUG c.c.s.MiddlewareConfig [AWT-EventQueue-0] Loading map              : (map10) Tropos Works Order XML
2018-08-01 17:23:06,431 DEBUG c.c.s.MiddlewareConfig [AWT-EventQueue-0] Loading input connector  : (in1) Read XML File Type XML Mask [Ljava.lang.String;@43e8ed40
2018-08-01 17:23:06,438 DEBUG c.c.s.MiddlewareConfig [AWT-EventQueue-0] Loading output connector : (out1) Write XML
2018-08-01 17:23:06,441 DEBUG c.c.s.MiddlewareConfig [AWT-EventQueue-0] Loading map              : (map11) C4J Production Declaration to TROPOS Goods Receipt
2018-08-01 17:23:06,444 DEBUG c.c.s.MiddlewareConfig [AWT-EventQueue-0] Loading input connector  : (in1) Read XML File Type XML Mask [Ljava.lang.String;@43e8ed40
2018-08-01 17:23:06,450 DEBUG c.c.s.MiddlewareConfig [AWT-EventQueue-0] Loading output connector : (out1) Write CSV
2018-08-01 17:23:06,453 DEBUG c.c.s.MiddlewareConfig [AWT-EventQueue-0] Loading map              : (map12) C4J Production Declaration to ASCII Flat File
2018-08-01 17:23:06,457 DEBUG c.c.s.MiddlewareConfig [AWT-EventQueue-0] Loading input connector  : (in1) Read XML File Type XML Mask [Ljava.lang.String;@43e8ed40
2018-08-01 17:23:06,462 DEBUG c.c.s.MiddlewareConfig [AWT-EventQueue-0] Loading output connector : (out1) Write ASCII File
2018-08-01 17:23:06,464 DEBUG c.c.s.MiddlewareConfig [AWT-EventQueue-0] Loading map              : (map13) C4J Production Dec to ASCII and CSV Files
2018-08-01 17:23:06,466 DEBUG c.c.s.MiddlewareConfig [AWT-EventQueue-0] Loading input connector  : (in1) Read XML File Type XML Mask [Ljava.lang.String;@43e8ed40
2018-08-01 17:23:06,470 DEBUG c.c.s.MiddlewareConfig [AWT-EventQueue-0] Loading output connector : (out1) Write ASCII File
2018-08-01 17:23:06,474 DEBUG c.c.s.MiddlewareConfig [AWT-EventQueue-0] Loading output connector : (out2) Write CSV
2018-08-01 17:23:06,475 DEBUG c.c.s.MiddlewareConfig [AWT-EventQueue-0] Loading map              : (map14) W-ware FFMW Material to C4J MM
2018-08-01 17:23:06,477 DEBUG c.c.s.MiddlewareConfig [AWT-EventQueue-0] Loading input connector  : (in1) Read FFMW Material Master Type XML Mask [Ljava.lang.String;@43e8ed40
2018-08-01 17:23:06,481 DEBUG c.c.s.MiddlewareConfig [AWT-EventQueue-0] Loading output connector : (out1) Write Commander4j Material
2018-08-01 17:23:06,482 DEBUG c.c.s.MiddlewareConfig [AWT-EventQueue-0] Loading map              : (map15) C4J Equipment Tracking to ASCII Flat File
2018-08-01 17:23:06,484 DEBUG c.c.s.MiddlewareConfig [AWT-EventQueue-0] Loading input connector  : (in1) Read XML File Type XML Mask [Ljava.lang.String;@43e8ed40
2018-08-01 17:23:06,487 DEBUG c.c.s.MiddlewareConfig [AWT-EventQueue-0] Loading output connector : (out1) Write ASCII File
2018-08-01 17:23:06,489 DEBUG c.c.s.MiddlewareConfig [AWT-EventQueue-0] Loading map              : (map16) Split inbound XML into 2 outbounds
2018-08-01 17:23:06,491 DEBUG c.c.s.MiddlewareConfig [AWT-EventQueue-0] Loading input connector  : (in1) Read XML File Type XML Mask [Ljava.lang.String;@43e8ed40
2018-08-01 17:23:06,495 DEBUG c.c.s.MiddlewareConfig [AWT-EventQueue-0] Loading output connector : (out1) Write XML Copy 1
2018-08-01 17:23:06,499 DEBUG c.c.s.MiddlewareConfig [AWT-EventQueue-0] Loading output connector : (out2) Write XML Copy 2
2018-08-01 17:23:06,503 DEBUG c.c.s.MiddlewareConfig [AWT-EventQueue-0] Loading map              : (map17) Excel Spreadsheet to CSV
2018-08-01 17:23:06,512 DEBUG c.c.s.MiddlewareConfig [AWT-EventQueue-0] Loading input connector  : (in1) Read Excel File Type XLS Mask [Ljava.lang.String;@7dc39c99
2018-08-01 17:23:06,516 DEBUG c.c.s.MiddlewareConfig [AWT-EventQueue-0] Loading output connector : (out1) Write CSV File
2018-08-01 17:23:06,518 DEBUG c.c.s.MiddlewareConfig [AWT-EventQueue-0] Loading map              : (map18) SAP Idoc Material Master to C4J XML
2018-08-01 17:23:06,524 DEBUG c.c.s.MiddlewareConfig [AWT-EventQueue-0] Loading input connector  : (in1) Read IDOC Type IDOC Mask [Ljava.lang.String;@8982880
2018-08-01 17:23:06,529 DEBUG c.c.s.MiddlewareConfig [AWT-EventQueue-0] Loading output connector : (out1) Write XML File
2018-08-01 17:23:06,530 DEBUG c.c.s.MiddlewareConfig [AWT-EventQueue-0] Loading map              : (map19) Pre Advice XML to Excel Spreadsheet
2018-08-01 17:23:06,533 DEBUG c.c.s.MiddlewareConfig [AWT-EventQueue-0] Loading input connector  : (in1) Read XML File Type XML Mask [Ljava.lang.String;@43e8ed40
2018-08-01 17:23:06,537 DEBUG c.c.s.MiddlewareConfig [AWT-EventQueue-0] Loading output connector : (out1) Write Excel XML File
2018-08-01 17:23:06,539 DEBUG c.c.s.MiddlewareConfig [AWT-EventQueue-0] Loading map              : (map20) Pre Advice XML to ASCII File
2018-08-01 17:23:06,541 DEBUG c.c.s.MiddlewareConfig [AWT-EventQueue-0] Loading input connector  : (in1) Read XML File Type XML Mask [Ljava.lang.String;@43e8ed40
2018-08-01 17:23:06,544 DEBUG c.c.s.MiddlewareConfig [AWT-EventQueue-0] Loading output connector : (out1) Write ASCII File
2018-08-01 17:23:06,545 DEBUG c.c.s.MiddlewareConfig [AWT-EventQueue-0] Loading map              : (map21) Email Send
2018-08-01 17:23:06,548 DEBUG c.c.s.MiddlewareConfig [AWT-EventQueue-0] Loading input connector  : (in1) Read File Type EMAIL Mask null
2018-08-01 17:23:06,552 DEBUG c.c.s.MiddlewareConfig [AWT-EventQueue-0] Loading output connector : (out1) Write File
2018-08-01 17:23:06,553 DEBUG c.c.s.MiddlewareConfig [AWT-EventQueue-0] Loading map              : (map22) Atlas XML filtered to C4J XML
2018-08-01 17:23:06,555 DEBUG c.c.s.MiddlewareConfig [AWT-EventQueue-0] Loading input connector  : (in1) Read Atlas XML Type XML Mask [Ljava.lang.String;@43e8ed40
2018-08-01 17:23:06,559 DEBUG c.c.s.MiddlewareConfig [AWT-EventQueue-0] Loading output connector : (out1) Write Commander4j XML
2018-08-01 17:23:06,560 DEBUG c.c.s.MiddlewareConfig [AWT-EventQueue-0] Loading map              : (map23) CSV to DB
2018-08-01 17:23:06,562 DEBUG c.c.s.MiddlewareConfig [AWT-EventQueue-0] Loading input connector  : (in1) Read CSV Example Type CSV Mask [Ljava.lang.String;@1634cead
2018-08-01 17:23:06,566 DEBUG c.c.s.MiddlewareConfig [AWT-EventQueue-0] Loading output connector : (out1) Write DB
2018-08-01 17:23:06,568 DEBUG c.c.s.MiddlewareConfig [AWT-EventQueue-0] Loading map              : (map24) Pre Advice XML to CSV
2018-08-01 17:23:06,570 DEBUG c.c.s.MiddlewareConfig [AWT-EventQueue-0] Loading input connector  : (in1) Read XML Type XML Mask [Ljava.lang.String;@43e8ed40
2018-08-01 17:23:06,577 DEBUG c.c.s.MiddlewareConfig [AWT-EventQueue-0] Loading output connector : (out1) Write CSV
2018-08-01 17:23:06,579 DEBUG c.c.s.MiddlewareConfig [AWT-EventQueue-0] Loading map              : (map25) C4J Production Declaration Rounded Expiry Time
2018-08-01 17:23:06,582 DEBUG c.c.s.MiddlewareConfig [AWT-EventQueue-0] Loading input connector  : (in1) Read C4J Prod Dec XML Type XML Mask [Ljava.lang.String;@43e8ed40
2018-08-01 17:23:06,589 DEBUG c.c.s.MiddlewareConfig [AWT-EventQueue-0] Loading output connector : (out1) Write S95 Prod Dec XML
2018-08-01 17:23:06,591 DEBUG c.c.s.MiddlewareConfig [AWT-EventQueue-0] Loading map              : (map26) EPCIS to TraceLink
2018-08-01 17:23:06,594 DEBUG c.c.s.MiddlewareConfig [AWT-EventQueue-0] Loading input connector  : (in1) Read EPCIS Type XML Mask [Ljava.lang.String;@43e8ed40
2018-08-01 17:23:06,600 DEBUG c.c.s.MiddlewareConfig [AWT-EventQueue-0] Loading output connector : (out1) Write TraceLink
2018-08-01 17:23:06,602 DEBUG c.c.s.MiddlewareConfig [AWT-EventQueue-0] Loading map              : (map27) Send to FTP destination
2018-08-01 17:23:06,604 DEBUG c.c.s.MiddlewareConfig [AWT-EventQueue-0] Loading input connector  : (in1) Read RAW File Type RAW Mask null
2018-08-01 17:23:06,608 DEBUG c.c.s.MiddlewareConfig [AWT-EventQueue-0] Loading output connector : (out1) Send to FTP Server
2018-08-01 17:23:06,608 DEBUG c.c.m.StartMain [AWT-EventQueue-0] *************************
2018-08-01 17:23:06,609 DEBUG c.c.m.StartMain [AWT-EventQueue-0] **     MAPS LOADED     **
2018-08-01 17:23:06,609 DEBUG c.c.m.StartMain [AWT-EventQueue-0] *************************
2018-08-01 17:23:06,613 DEBUG c.c.t.LogArchiveThread [Log Archiver] LogArchiveThread started.
2018-08-01 17:23:06,614 DEBUG c.c.t.StatusThread [Status Thread] StatusThread started.
2018-08-01 17:23:06,615 DEBUG c.c.s.MiddlewareConfig [AWT-EventQueue-0] startMaps
2018-08-01 17:23:06,615 DEBUG c.c.I.M.Map [AWT-EventQueue-0] Map [map01] Description [Rockwell Material Master to C4J Material Master] setEnabled true
2018-08-01 17:23:06,615 DEBUG c.c.t.EmailThread [Email Thread] EmailThread started.
2018-08-01 17:23:06,615 DEBUG A.c.c.I.OutboundInterfaceABSTRACT [AWT-EventQueue-0] setEnabled true
2018-08-01 17:23:06,615 DEBUG A.c.c.I.OutboundInterfaceABSTRACT [AWT-EventQueue-0] Start Requested : [Write Commander4j Material Master]
2018-08-01 17:23:06,615 DEBUG A.c.c.I.InboundInterfaceABSTRACT [AWT-EventQueue-0] setEnabled true
2018-08-01 17:23:06,616 DEBUG A.c.c.I.InboundInterfaceABSTRACT [AWT-EventQueue-0] Start Requested : [Read Rockwell Material Master]
2018-08-01 17:23:06,616 DEBUG c.c.I.M.Map [AWT-EventQueue-0] Map [map02] Description [S95 Process Order to C4J Process Order] setEnabled true
2018-08-01 17:23:06,616 DEBUG A.c.c.I.OutboundInterfaceABSTRACT [AWT-EventQueue-0] setEnabled true
2018-08-01 17:23:06,616 DEBUG A.c.c.I.OutboundInterfaceABSTRACT [AWT-EventQueue-0] Start Requested : [Write Commander4j Process Order XML]
2018-08-01 17:23:06,616 DEBUG A.c.c.I.InboundInterfaceABSTRACT [AWT-EventQueue-0] setEnabled true
2018-08-01 17:23:06,617 DEBUG A.c.c.I.InboundInterfaceABSTRACT [AWT-EventQueue-0] Start Requested : [Read SAP S95 CR XML]
2018-08-01 17:23:06,617 DEBUG c.c.I.M.Map [AWT-EventQueue-0] Map [map03] Description [Synchro CSV] setEnabled true
2018-08-01 17:23:06,617 DEBUG A.c.c.I.OutboundInterfaceABSTRACT [AWT-EventQueue-0] setEnabled true
2018-08-01 17:23:06,617 DEBUG A.c.c.I.OutboundInterfaceABSTRACT [AWT-EventQueue-0] Start Requested : [Write XML Example]
2018-08-01 17:23:06,617 DEBUG A.c.c.I.InboundInterfaceABSTRACT [AWT-EventQueue-0] setEnabled true
2018-08-01 17:23:06,618 DEBUG A.c.c.I.InboundInterfaceABSTRACT [AWT-EventQueue-0] Start Requested : [Read CSV Example]
2018-08-01 17:23:06,618 DEBUG c.c.I.M.Map [AWT-EventQueue-0] Map [map04] Description [S95 Batch Status Change to C4J Batch Status Change] setEnabled true
2018-08-01 17:23:06,618 DEBUG A.c.c.I.OutboundInterfaceABSTRACT [AWT-EventQueue-0] setEnabled true
2018-08-01 17:23:06,618 DEBUG A.c.c.I.OutboundInterfaceABSTRACT [AWT-EventQueue-0] Start Requested : [Write Commander4j Batch Status Change]
2018-08-01 17:23:06,618 DEBUG A.c.c.I.InboundInterfaceABSTRACT [AWT-EventQueue-0] setEnabled true
2018-08-01 17:23:06,619 DEBUG A.c.c.I.InboundInterfaceABSTRACT [AWT-EventQueue-0] Start Requested : [Read S95 Batch Status Change]
2018-08-01 17:23:06,619 DEBUG c.c.I.M.Map [AWT-EventQueue-0] Map [map05] Description [S95 Transfer Schedule to C4J Pallet Status Change] setEnabled true
2018-08-01 17:23:06,619 DEBUG A.c.c.I.OutboundInterfaceABSTRACT [AWT-EventQueue-0] setEnabled true
2018-08-01 17:23:06,620 DEBUG A.c.c.I.OutboundInterfaceABSTRACT [AWT-EventQueue-0] Start Requested : [Write Commander4j Pallet Status Change XML]
2018-08-01 17:23:06,621 DEBUG A.c.c.I.InboundInterfaceABSTRACT [AWT-EventQueue-0] setEnabled true
2018-08-01 17:23:06,621 DEBUG A.c.c.I.InboundInterfaceABSTRACT [AWT-EventQueue-0] Start Requested : [Read SAP S95 TRANSFER ORDER XML]
2018-08-01 17:23:06,621 DEBUG c.c.I.M.Map [AWT-EventQueue-0] Map [map06] Description [S95 Process Order Status Change to C4J Process Order Status Change] setEnabled true
2018-08-01 17:23:06,621 DEBUG A.c.c.I.OutboundInterfaceABSTRACT [AWT-EventQueue-0] setEnabled true
2018-08-01 17:23:06,621 DEBUG A.c.c.I.OutboundInterfaceABSTRACT [AWT-EventQueue-0] Start Requested : [Write Commander4j Process Order Status Change XML]
2018-08-01 17:23:06,622 DEBUG A.c.c.I.InboundInterfaceABSTRACT [AWT-EventQueue-0] setEnabled true
2018-08-01 17:23:06,622 DEBUG A.c.c.I.InboundInterfaceABSTRACT [AWT-EventQueue-0] Start Requested : [Read SAP S95 CRST XML]
2018-08-01 17:23:06,622 DEBUG c.c.I.M.Map [AWT-EventQueue-0] Map [map07] Description [C4J Production Declaration to S95 Production Declaration] setEnabled true
2018-08-01 17:23:06,622 DEBUG A.c.c.I.OutboundInterfaceABSTRACT [AWT-EventQueue-0] setEnabled true
2018-08-01 17:23:06,622 DEBUG A.c.c.I.OutboundInterfaceABSTRACT [AWT-EventQueue-0] Start Requested : [Write S95 Prod Dec XML]
2018-08-01 17:23:06,623 DEBUG A.c.c.I.InboundInterfaceABSTRACT [AWT-EventQueue-0] setEnabled true
2018-08-01 17:23:06,623 DEBUG A.c.c.I.InboundInterfaceABSTRACT [AWT-EventQueue-0] Start Requested : [Read C4J Prod Dec XML]
2018-08-01 17:23:06,623 DEBUG c.c.I.M.Map [AWT-EventQueue-0] Map [map08] Description [ASCII Flat File Fixed Column to XML] setEnabled true
2018-08-01 17:23:06,623 DEBUG A.c.c.I.OutboundInterfaceABSTRACT [AWT-EventQueue-0] setEnabled true
2018-08-01 17:23:06,623 DEBUG A.c.c.I.OutboundInterfaceABSTRACT [AWT-EventQueue-0] Start Requested : [Write XML]
2018-08-01 17:23:06,623 DEBUG A.c.c.I.InboundInterfaceABSTRACT [AWT-EventQueue-0] setEnabled true
2018-08-01 17:23:06,624 DEBUG A.c.c.I.InboundInterfaceABSTRACT [AWT-EventQueue-0] Start Requested : [Read ASCII Flat File]
2018-08-01 17:23:06,624 DEBUG c.c.I.M.Map [AWT-EventQueue-0] Map [map09] Description [Tropos Material XML] setEnabled true
2018-08-01 17:23:06,624 DEBUG A.c.c.I.OutboundInterfaceABSTRACT [AWT-EventQueue-0] setEnabled true
2018-08-01 17:23:06,624 DEBUG A.c.c.I.OutboundInterfaceABSTRACT [AWT-EventQueue-0] Start Requested : [Write XML]
2018-08-01 17:23:06,624 DEBUG A.c.c.I.InboundInterfaceABSTRACT [AWT-EventQueue-0] setEnabled true
2018-08-01 17:23:06,625 DEBUG A.c.c.I.InboundInterfaceABSTRACT [AWT-EventQueue-0] Start Requested : [Read XML File]
2018-08-01 17:23:06,625 DEBUG c.c.I.M.Map [AWT-EventQueue-0] Map [map10] Description [Tropos Works Order XML] setEnabled true
2018-08-01 17:23:06,625 DEBUG A.c.c.I.OutboundInterfaceABSTRACT [AWT-EventQueue-0] setEnabled true
2018-08-01 17:23:06,625 DEBUG A.c.c.I.OutboundInterfaceABSTRACT [AWT-EventQueue-0] Start Requested : [Write XML]
2018-08-01 17:23:06,626 DEBUG A.c.c.I.InboundInterfaceABSTRACT [AWT-EventQueue-0] setEnabled true
2018-08-01 17:23:06,626 DEBUG A.c.c.I.InboundInterfaceABSTRACT [AWT-EventQueue-0] Start Requested : [Read XML File]
2018-08-01 17:23:06,626 DEBUG c.c.I.M.Map [AWT-EventQueue-0] Map [map11] Description [C4J Production Declaration to TROPOS Goods Receipt] setEnabled true
2018-08-01 17:23:06,626 DEBUG A.c.c.I.OutboundInterfaceABSTRACT [AWT-EventQueue-0] setEnabled true
2018-08-01 17:23:06,626 DEBUG A.c.c.I.OutboundInterfaceABSTRACT [AWT-EventQueue-0] Start Requested : [Write CSV]
2018-08-01 17:23:06,626 DEBUG A.c.c.I.InboundInterfaceABSTRACT [AWT-EventQueue-0] setEnabled true
2018-08-01 17:23:06,626 DEBUG A.c.c.I.InboundInterfaceABSTRACT [AWT-EventQueue-0] Start Requested : [Read XML File]
2018-08-01 17:23:06,627 DEBUG c.c.I.M.Map [AWT-EventQueue-0] Map [map12] Description [C4J Production Declaration to ASCII Flat File] setEnabled true
2018-08-01 17:23:06,627 DEBUG A.c.c.I.OutboundInterfaceABSTRACT [AWT-EventQueue-0] setEnabled true
2018-08-01 17:23:06,627 DEBUG A.c.c.I.OutboundInterfaceABSTRACT [AWT-EventQueue-0] Start Requested : [Write ASCII File]
2018-08-01 17:23:06,627 DEBUG A.c.c.I.InboundInterfaceABSTRACT [AWT-EventQueue-0] setEnabled true
2018-08-01 17:23:06,627 DEBUG A.c.c.I.InboundInterfaceABSTRACT [AWT-EventQueue-0] Start Requested : [Read XML File]
2018-08-01 17:23:06,627 DEBUG c.c.I.M.Map [AWT-EventQueue-0] Map [map13] Description [C4J Production Dec to ASCII and CSV Files] setEnabled true
2018-08-01 17:23:06,627 DEBUG A.c.c.I.OutboundInterfaceABSTRACT [AWT-EventQueue-0] setEnabled true
2018-08-01 17:23:06,627 DEBUG A.c.c.I.OutboundInterfaceABSTRACT [AWT-EventQueue-0] Start Requested : [Write ASCII File]
2018-08-01 17:23:06,627 DEBUG A.c.c.I.OutboundInterfaceABSTRACT [AWT-EventQueue-0] setEnabled true
2018-08-01 17:23:06,627 DEBUG A.c.c.I.OutboundInterfaceABSTRACT [AWT-EventQueue-0] Start Requested : [Write CSV]
2018-08-01 17:23:06,628 DEBUG A.c.c.I.InboundInterfaceABSTRACT [AWT-EventQueue-0] setEnabled true
2018-08-01 17:23:06,628 DEBUG A.c.c.I.InboundInterfaceABSTRACT [AWT-EventQueue-0] Start Requested : [Read XML File]
2018-08-01 17:23:06,628 DEBUG c.c.I.M.Map [AWT-EventQueue-0] Map [map14] Description [W-ware FFMW Material to C4J MM] setEnabled true
2018-08-01 17:23:06,628 DEBUG A.c.c.I.OutboundInterfaceABSTRACT [AWT-EventQueue-0] setEnabled true
2018-08-01 17:23:06,628 DEBUG A.c.c.I.OutboundInterfaceABSTRACT [AWT-EventQueue-0] Start Requested : [Write Commander4j Material]
2018-08-01 17:23:06,628 DEBUG A.c.c.I.InboundInterfaceABSTRACT [AWT-EventQueue-0] setEnabled true
2018-08-01 17:23:06,628 DEBUG A.c.c.I.InboundInterfaceABSTRACT [AWT-EventQueue-0] Start Requested : [Read FFMW Material Master]
2018-08-01 17:23:06,628 DEBUG c.c.I.M.Map [AWT-EventQueue-0] Map [map15] Description [C4J Equipment Tracking to ASCII Flat File] setEnabled true
2018-08-01 17:23:06,629 DEBUG A.c.c.I.OutboundInterfaceABSTRACT [AWT-EventQueue-0] setEnabled true
2018-08-01 17:23:06,629 DEBUG A.c.c.I.OutboundInterfaceABSTRACT [AWT-EventQueue-0] Start Requested : [Write ASCII File]
2018-08-01 17:23:06,629 DEBUG A.c.c.I.InboundInterfaceABSTRACT [AWT-EventQueue-0] setEnabled true
2018-08-01 17:23:06,629 DEBUG A.c.c.I.InboundInterfaceABSTRACT [AWT-EventQueue-0] Start Requested : [Read XML File]
2018-08-01 17:23:06,629 DEBUG c.c.I.M.Map [AWT-EventQueue-0] Map [map16] Description [Split inbound XML into 2 outbounds] setEnabled true
2018-08-01 17:23:06,629 DEBUG A.c.c.I.OutboundInterfaceABSTRACT [AWT-EventQueue-0] setEnabled true
2018-08-01 17:23:06,629 DEBUG A.c.c.I.OutboundInterfaceABSTRACT [AWT-EventQueue-0] Start Requested : [Write XML Copy 1]
2018-08-01 17:23:06,629 DEBUG A.c.c.I.OutboundInterfaceABSTRACT [AWT-EventQueue-0] setEnabled true
2018-08-01 17:23:06,629 DEBUG A.c.c.I.OutboundInterfaceABSTRACT [AWT-EventQueue-0] Start Requested : [Write XML Copy 2]
2018-08-01 17:23:06,630 DEBUG A.c.c.I.InboundInterfaceABSTRACT [AWT-EventQueue-0] setEnabled true
2018-08-01 17:23:06,630 DEBUG A.c.c.I.InboundInterfaceABSTRACT [AWT-EventQueue-0] Start Requested : [Read XML File]
2018-08-01 17:23:06,630 DEBUG c.c.I.M.Map [AWT-EventQueue-0] Map [map17] Description [Excel Spreadsheet to CSV] setEnabled true
2018-08-01 17:23:06,630 DEBUG A.c.c.I.OutboundInterfaceABSTRACT [AWT-EventQueue-0] setEnabled true
2018-08-01 17:23:06,630 DEBUG A.c.c.I.OutboundInterfaceABSTRACT [AWT-EventQueue-0] Start Requested : [Write CSV File]
2018-08-01 17:23:06,630 DEBUG A.c.c.I.InboundInterfaceABSTRACT [AWT-EventQueue-0] setEnabled true
2018-08-01 17:23:06,630 DEBUG A.c.c.I.InboundInterfaceABSTRACT [AWT-EventQueue-0] Start Requested : [Read Excel File]
2018-08-01 17:23:06,630 DEBUG c.c.I.M.Map [AWT-EventQueue-0] Map [map18] Description [SAP Idoc Material Master to C4J XML] setEnabled true
2018-08-01 17:23:06,630 DEBUG A.c.c.I.OutboundInterfaceABSTRACT [AWT-EventQueue-0] setEnabled true
2018-08-01 17:23:06,631 DEBUG A.c.c.I.OutboundInterfaceABSTRACT [AWT-EventQueue-0] Start Requested : [Write XML File]
2018-08-01 17:23:06,631 DEBUG A.c.c.I.InboundInterfaceABSTRACT [AWT-EventQueue-0] setEnabled true
2018-08-01 17:23:06,631 DEBUG A.c.c.I.InboundInterfaceABSTRACT [AWT-EventQueue-0] Start Requested : [Read IDOC]
2018-08-01 17:23:06,631 DEBUG c.c.I.M.Map [AWT-EventQueue-0] Map [map19] Description [Pre Advice XML to Excel Spreadsheet] setEnabled true
2018-08-01 17:23:06,631 DEBUG A.c.c.I.OutboundInterfaceABSTRACT [AWT-EventQueue-0] setEnabled true
2018-08-01 17:23:06,631 DEBUG A.c.c.I.OutboundInterfaceABSTRACT [AWT-EventQueue-0] Start Requested : [Write Excel XML File]
2018-08-01 17:23:06,631 DEBUG A.c.c.I.InboundInterfaceABSTRACT [AWT-EventQueue-0] setEnabled true
2018-08-01 17:23:06,631 DEBUG A.c.c.I.InboundInterfaceABSTRACT [AWT-EventQueue-0] Start Requested : [Read XML File]
2018-08-01 17:23:06,631 DEBUG c.c.I.M.Map [AWT-EventQueue-0] Map [map20] Description [Pre Advice XML to ASCII File] setEnabled true
2018-08-01 17:23:06,631 DEBUG A.c.c.I.OutboundInterfaceABSTRACT [AWT-EventQueue-0] setEnabled true
2018-08-01 17:23:06,632 DEBUG A.c.c.I.OutboundInterfaceABSTRACT [AWT-EventQueue-0] Start Requested : [Write ASCII File]
2018-08-01 17:23:06,632 DEBUG A.c.c.I.InboundInterfaceABSTRACT [AWT-EventQueue-0] setEnabled true
2018-08-01 17:23:06,632 DEBUG A.c.c.I.InboundInterfaceABSTRACT [AWT-EventQueue-0] Start Requested : [Read XML File]
2018-08-01 17:23:06,632 DEBUG c.c.I.M.Map [AWT-EventQueue-0] Map [map21] Description [Email Send] setEnabled true
2018-08-01 17:23:06,632 DEBUG A.c.c.I.OutboundInterfaceABSTRACT [AWT-EventQueue-0] setEnabled true
2018-08-01 17:23:06,632 DEBUG A.c.c.I.OutboundInterfaceABSTRACT [AWT-EventQueue-0] Start Requested : [Write File]
2018-08-01 17:23:06,632 DEBUG A.c.c.I.InboundInterfaceABSTRACT [AWT-EventQueue-0] setEnabled true
2018-08-01 17:23:06,632 DEBUG A.c.c.I.InboundInterfaceABSTRACT [AWT-EventQueue-0] Start Requested : [Read File]
2018-08-01 17:23:06,632 DEBUG c.c.I.M.Map [AWT-EventQueue-0] Map [map22] Description [Atlas XML filtered to C4J XML] setEnabled true
2018-08-01 17:23:06,632 DEBUG A.c.c.I.OutboundInterfaceABSTRACT [AWT-EventQueue-0] setEnabled true
2018-08-01 17:23:06,632 DEBUG A.c.c.I.OutboundInterfaceABSTRACT [AWT-EventQueue-0] Start Requested : [Write Commander4j XML]
2018-08-01 17:23:06,633 DEBUG A.c.c.I.InboundInterfaceABSTRACT [AWT-EventQueue-0] setEnabled true
2018-08-01 17:23:06,633 DEBUG A.c.c.I.InboundInterfaceABSTRACT [AWT-EventQueue-0] Start Requested : [Read Atlas XML]
2018-08-01 17:23:06,633 DEBUG c.c.I.M.Map [AWT-EventQueue-0] Map [map23] Description [CSV to DB] setEnabled true
2018-08-01 17:23:06,633 DEBUG A.c.c.I.OutboundInterfaceABSTRACT [AWT-EventQueue-0] setEnabled true
2018-08-01 17:23:06,633 DEBUG A.c.c.I.OutboundInterfaceABSTRACT [AWT-EventQueue-0] Start Requested : [Write DB]
2018-08-01 17:23:06,633 DEBUG A.c.c.I.InboundInterfaceABSTRACT [AWT-EventQueue-0] setEnabled true
2018-08-01 17:23:06,633 DEBUG A.c.c.I.InboundInterfaceABSTRACT [AWT-EventQueue-0] Start Requested : [Read CSV Example]
2018-08-01 17:23:06,633 DEBUG c.c.I.M.Map [AWT-EventQueue-0] Map [map24] Description [Pre Advice XML to CSV] setEnabled true
2018-08-01 17:23:06,633 DEBUG A.c.c.I.OutboundInterfaceABSTRACT [AWT-EventQueue-0] setEnabled true
2018-08-01 17:23:06,633 DEBUG A.c.c.I.OutboundInterfaceABSTRACT [AWT-EventQueue-0] Start Requested : [Write CSV]
2018-08-01 17:23:06,633 DEBUG A.c.c.I.InboundInterfaceABSTRACT [AWT-EventQueue-0] setEnabled true
2018-08-01 17:23:06,633 DEBUG A.c.c.I.InboundInterfaceABSTRACT [AWT-EventQueue-0] Start Requested : [Read XML]
2018-08-01 17:23:06,634 DEBUG c.c.I.M.Map [AWT-EventQueue-0] Map [map25] Description [C4J Production Declaration Rounded Expiry Time] setEnabled true
2018-08-01 17:23:06,634 DEBUG A.c.c.I.OutboundInterfaceABSTRACT [AWT-EventQueue-0] setEnabled true
2018-08-01 17:23:06,634 DEBUG A.c.c.I.OutboundInterfaceABSTRACT [AWT-EventQueue-0] Start Requested : [Write S95 Prod Dec XML]
2018-08-01 17:23:06,634 DEBUG A.c.c.I.InboundInterfaceABSTRACT [AWT-EventQueue-0] setEnabled true
2018-08-01 17:23:06,635 DEBUG A.c.c.I.InboundInterfaceABSTRACT [AWT-EventQueue-0] Start Requested : [Read C4J Prod Dec XML]
2018-08-01 17:23:06,635 DEBUG c.c.I.M.Map [AWT-EventQueue-0] Map [map26] Description [EPCIS to TraceLink] setEnabled true
2018-08-01 17:23:06,635 DEBUG A.c.c.I.OutboundInterfaceABSTRACT [AWT-EventQueue-0] setEnabled true
2018-08-01 17:23:06,635 DEBUG A.c.c.I.OutboundInterfaceABSTRACT [AWT-EventQueue-0] Start Requested : [Write TraceLink]
2018-08-01 17:23:06,635 DEBUG A.c.c.I.InboundInterfaceABSTRACT [AWT-EventQueue-0] setEnabled true
2018-08-01 17:23:06,635 DEBUG A.c.c.I.InboundInterfaceABSTRACT [AWT-EventQueue-0] Start Requested : [Read EPCIS]
2018-08-01 17:23:06,635 DEBUG c.c.I.M.Map [AWT-EventQueue-0] Map [map27] Description [Send to FTP destination] setEnabled true
2018-08-01 17:23:06,635 DEBUG A.c.c.I.OutboundInterfaceABSTRACT [AWT-EventQueue-0] setEnabled true
2018-08-01 17:23:06,636 DEBUG A.c.c.I.OutboundInterfaceABSTRACT [AWT-EventQueue-0] Start Requested : [Send to FTP Server]
2018-08-01 17:23:06,636 DEBUG A.c.c.I.InboundInterfaceABSTRACT [AWT-EventQueue-0] setEnabled true
2018-08-01 17:23:06,636 DEBUG A.c.c.I.InboundInterfaceABSTRACT [AWT-EventQueue-0] Start Requested : [Read RAW File]
2018-08-01 17:23:06,636 DEBUG c.c.m.StartMain [AWT-EventQueue-0] *************************
2018-08-01 17:23:06,636 DEBUG c.c.m.StartMain [AWT-EventQueue-0] **      STARTED        **
2018-08-01 17:23:06,636 DEBUG c.c.m.StartMain [AWT-EventQueue-0] *************************
2018-08-01 17:23:19,652 DEBUG c.c.I.I.InboundInterface [Timer-29] Processing [0014322961_WMP_EquipmentTracking.xml]
2018-08-01 17:23:19,653 DEBUG c.c.C.I.InboundConnectorXML [Timer-29] connectorLoad [./interface/input/15 (C4J Equipment Tracking)/0014322961_WMP_EquipmentTracking.xml]
2018-08-01 17:23:19,654 DEBUG A.c.c.C.InboundConnectorABSTRACT [Timer-29] connectorLoad Backup [./interface/input/15 (C4J Equipment Tracking)/0014322961_WMP_EquipmentTracking.xml] to [/Users/dave/Commander4j/workspace.development/b4Middleware/interface/log/2018_08_01_17_23_19_654 INPUT_BACKUP_XML 0014322961_WMP_EquipmentTracking.xml]
2018-08-01 17:23:19,675 DEBUG A.c.c.C.InboundConnectorABSTRACT [Timer-29] Read XML File Delete input file :/Users/dave/Commander4j/workspace.development/b4Middleware/./interface/input/15 (C4J Equipment Tracking)/0014322961_WMP_EquipmentTracking.xml
2018-08-01 17:23:20,055 DEBUG c.c.u.JXMLDocument [Timer-29] setDocument :/Users/dave/Commander4j/workspace.development/b4Middleware/interface/log/2018_08_01_17_23_19_687 TRANSFORMED_XML 0014322961_WMP_EquipmentTracking.xml
2018-08-01 17:23:20,063 DEBUG c.c.I.I.InboundInterface [Timer-29] processConnectorToInterfaceData [<?xml version="1.0" encoding="UTF-8"?><data cols="11" rows="3" type="CSV">
   <row id="1">
      <col id="1">FCTR</col>
      <col id="2">WK07059 </col>
      <col id="3">2018</col>
      <col id="4">08</col>
      <col id="5">01</col>
      <col id="6">17:10:50</col>
      <col id="7">28</col>
      <col id="8">22</col>
      <col id="9">BU</col>
      <col id="10">3     </col>
      <col id="11">          </col>
   </row>
   <row id="2">
      <col id="1">FCTR</col>
      <col id="2">WK07059 </col>
      <col id="3">2018</col>
      <col id="4">08</col>
      <col id="5">01</col>
      <col id="6">17:10:50</col>
      <col id="7">28</col>
      <col id="8">22</col>
      <col id="9">LPR</col>
      <col id="10">45    </col>
      <col id="11">          </col>
   </row>
   <row id="3">
      <col id="1">FCTR</col>
      <col id="2">WK07059 </col>
      <col id="3">2018</col>
      <col id="4">08</col>
      <col id="5">01</col>
      <col id="6">17:10:50</col>
      <col id="7">28</col>
      <col id="8">22</col>
      <col id="9">BEU</col>
      <col id="10">4     </col>
      <col id="11">          </col>
   </row>
</data>]
2018-08-01 17:23:20,064 DEBUG c.c.I.M.Map [Timer-29] << processInboundInterfaceToMap  [0014322961_WMP_EquipmentTracking.xml - <?xml version="1.0" encoding="UTF-8"?><data cols="11" rows="3" type="CSV">
   <row id="1">
      <col id="1">FCTR</col>
      <col id="2">WK07059 </col>
      <col id="3">2018</col>
      <col id="4">08</col>
      <col id="5">01</col>
      <col id="6">17:10:50</col>
      <col id="7">28</col>
      <col id="8">22</col>
      <col id="9">BU</col>
      <col id="10">3     </col>
      <col id="11">          </col>
   </row>
   <row id="2">
      <col id="1">FCTR</col>
      <col id="2">WK07059 </col>
      <col id="3">2018</col>
      <col id="4">08</col>
      <col id="5">01</col>
      <col id="6">17:10:50</col>
      <col id="7">28</col>
      <col id="8">22</col>
      <col id="9">LPR</col>
      <col id="10">45    </col>
      <col id="11">          </col>
   </row>
   <row id="3">
      <col id="1">FCTR</col>
      <col id="2">WK07059 </col>
      <col id="3">2018</col>
      <col id="4">08</col>
      <col id="5">01</col>
      <col id="6">17:10:50</col>
      <col id="7">28</col>
      <col id="8">22</col>
      <col id="9">BEU</col>
      <col id="10">4     </col>
      <col id="11">          </col>
   </row>
</data>]
2018-08-01 17:23:20,065 DEBUG c.c.I.M.Map [Timer-29] >> inboundMapMessages count [1]
2018-08-01 17:23:20,066 DEBUG c.c.I.M.Map [Timer-29] >> processMapToOutboundInterface [0014322961_WMP_EquipmentTracking.xml - <?xml version="1.0" encoding="UTF-8"?><data cols="11" rows="3" type="CSV">
   <row id="1">
      <col id="1">FCTR</col>
      <col id="2">WK07059 </col>
      <col id="3">2018</col>
      <col id="4">08</col>
      <col id="5">01</col>
      <col id="6">17:10:50</col>
      <col id="7">28</col>
      <col id="8">22</col>
      <col id="9">BU</col>
      <col id="10">3     </col>
      <col id="11">          </col>
   </row>
   <row id="2">
      <col id="1">FCTR</col>
      <col id="2">WK07059 </col>
      <col id="3">2018</col>
      <col id="4">08</col>
      <col id="5">01</col>
      <col id="6">17:10:50</col>
      <col id="7">28</col>
      <col id="8">22</col>
      <col id="9">LPR</col>
      <col id="10">45    </col>
      <col id="11">          </col>
   </row>
   <row id="3">
      <col id="1">FCTR</col>
      <col id="2">WK07059 </col>
      <col id="3">2018</col>
      <col id="4">08</col>
      <col id="5">01</col>
      <col id="6">17:10:50</col>
      <col id="7">28</col>
      <col id="8">22</col>
      <col id="9">BEU</col>
      <col id="10">4     </col>
      <col id="11">          </col>
   </row>
</data>]
2018-08-01 17:23:20,066 DEBUG c.c.I.M.Map [Timer-29] >> outboundMapMessages count [1]
2018-08-01 17:23:20,067 DEBUG c.c.I.O.OutboundInterface [Timer-29] processInterfaceToConnector [<?xml version="1.0" encoding="UTF-8"?><data cols="11" rows="3" type="CSV">
   <row id="1">
      <col id="1">FCTR</col>
      <col id="2">WK07059 </col>
      <col id="3">2018</col>
      <col id="4">08</col>
      <col id="5">01</col>
      <col id="6">17:10:50</col>
      <col id="7">28</col>
      <col id="8">22</col>
      <col id="9">BU</col>
      <col id="10">3     </col>
      <col id="11">          </col>
   </row>
   <row id="2">
      <col id="1">FCTR</col>
      <col id="2">WK07059 </col>
      <col id="3">2018</col>
      <col id="4">08</col>
      <col id="5">01</col>
      <col id="6">17:10:50</col>
      <col id="7">28</col>
      <col id="8">22</col>
      <col id="9">LPR</col>
      <col id="10">45    </col>
      <col id="11">          </col>
   </row>
   <row id="3">
      <col id="1">FCTR</col>
      <col id="2">WK07059 </col>
      <col id="3">2018</col>
      <col id="4">08</col>
      <col id="5">01</col>
      <col id="6">17:10:50</col>
      <col id="7">28</col>
      <col id="8">22</col>
      <col id="9">BEU</col>
      <col id="10">4     </col>
      <col id="11">          </col>
   </row>
</data>]
2018-08-01 17:23:20,076 DEBUG c.c.C.O.OutboundConnectorASCII [Timer-29] row=[1] col=[1] data=[FCTR]
2018-08-01 17:23:20,076 DEBUG c.c.C.O.OutboundConnectorASCII [Timer-29] row=[1] col=[2] data=[WK07059]
2018-08-01 17:23:20,077 DEBUG c.c.C.O.OutboundConnectorASCII [Timer-29] row=[1] col=[3] data=[2018]
2018-08-01 17:23:20,077 DEBUG c.c.C.O.OutboundConnectorASCII [Timer-29] row=[1] col=[4] data=[08]
2018-08-01 17:23:20,078 DEBUG c.c.C.O.OutboundConnectorASCII [Timer-29] row=[1] col=[5] data=[01]
2018-08-01 17:23:20,078 DEBUG c.c.C.O.OutboundConnectorASCII [Timer-29] row=[1] col=[6] data=[17:10:50]
2018-08-01 17:23:20,079 DEBUG c.c.C.O.OutboundConnectorASCII [Timer-29] row=[1] col=[7] data=[28]
2018-08-01 17:23:20,080 DEBUG c.c.C.O.OutboundConnectorASCII [Timer-29] row=[1] col=[8] data=[22]
2018-08-01 17:23:20,080 DEBUG c.c.C.O.OutboundConnectorASCII [Timer-29] row=[1] col=[9] data=[BU]
2018-08-01 17:23:20,080 DEBUG c.c.C.O.OutboundConnectorASCII [Timer-29] row=[1] col=[10] data=[3]
2018-08-01 17:23:20,081 DEBUG c.c.C.O.OutboundConnectorASCII [Timer-29] row=[1] col=[11] data=[]
2018-08-01 17:23:20,081 DEBUG c.c.C.O.OutboundConnectorASCII [Timer-29] row=[2] col=[1] data=[FCTR]
2018-08-01 17:23:20,081 DEBUG c.c.C.O.OutboundConnectorASCII [Timer-29] row=[2] col=[2] data=[WK07059]
2018-08-01 17:23:20,082 DEBUG c.c.C.O.OutboundConnectorASCII [Timer-29] row=[2] col=[3] data=[2018]
2018-08-01 17:23:20,082 DEBUG c.c.C.O.OutboundConnectorASCII [Timer-29] row=[2] col=[4] data=[08]
2018-08-01 17:23:20,083 DEBUG c.c.C.O.OutboundConnectorASCII [Timer-29] row=[2] col=[5] data=[01]
2018-08-01 17:23:20,083 DEBUG c.c.C.O.OutboundConnectorASCII [Timer-29] row=[2] col=[6] data=[17:10:50]
2018-08-01 17:23:20,083 DEBUG c.c.C.O.OutboundConnectorASCII [Timer-29] row=[2] col=[7] data=[28]
2018-08-01 17:23:20,084 DEBUG c.c.C.O.OutboundConnectorASCII [Timer-29] row=[2] col=[8] data=[22]
2018-08-01 17:23:20,084 DEBUG c.c.C.O.OutboundConnectorASCII [Timer-29] row=[2] col=[9] data=[LPR]
2018-08-01 17:23:20,085 DEBUG c.c.C.O.OutboundConnectorASCII [Timer-29] row=[2] col=[10] data=[45]
2018-08-01 17:23:20,085 DEBUG c.c.C.O.OutboundConnectorASCII [Timer-29] row=[2] col=[11] data=[]
2018-08-01 17:23:20,085 DEBUG c.c.C.O.OutboundConnectorASCII [Timer-29] row=[3] col=[1] data=[FCTR]
2018-08-01 17:23:20,085 DEBUG c.c.C.O.OutboundConnectorASCII [Timer-29] row=[3] col=[2] data=[WK07059]
2018-08-01 17:23:20,086 DEBUG c.c.C.O.OutboundConnectorASCII [Timer-29] row=[3] col=[3] data=[2018]
2018-08-01 17:23:20,086 DEBUG c.c.C.O.OutboundConnectorASCII [Timer-29] row=[3] col=[4] data=[08]
2018-08-01 17:23:20,086 DEBUG c.c.C.O.OutboundConnectorASCII [Timer-29] row=[3] col=[5] data=[01]
2018-08-01 17:23:20,086 DEBUG c.c.C.O.OutboundConnectorASCII [Timer-29] row=[3] col=[6] data=[17:10:50]
2018-08-01 17:23:20,087 DEBUG c.c.C.O.OutboundConnectorASCII [Timer-29] row=[3] col=[7] data=[28]
2018-08-01 17:23:20,087 DEBUG c.c.C.O.OutboundConnectorASCII [Timer-29] row=[3] col=[8] data=[22]
2018-08-01 17:23:20,087 DEBUG c.c.C.O.OutboundConnectorASCII [Timer-29] row=[3] col=[9] data=[BEU]
2018-08-01 17:23:20,087 DEBUG c.c.C.O.OutboundConnectorASCII [Timer-29] row=[3] col=[10] data=[4]
2018-08-01 17:23:20,088 DEBUG c.c.C.O.OutboundConnectorASCII [Timer-29] row=[3] col=[11] data=[]
2018-08-01 17:32:46,984 DEBUG c.c.m.StartMain [AWT-EventQueue-0] *************************
2018-08-01 17:32:46,984 DEBUG c.c.m.StartMain [AWT-EventQueue-0] **      STOPPING       **
2018-08-01 17:32:46,984 DEBUG c.c.m.StartMain [AWT-EventQueue-0] *************************
2018-08-01 17:32:46,984 DEBUG c.c.m.StartMain [AWT-EventQueue-0] Shutting down Log File Archiver
2018-08-01 17:32:47,807 DEBUG c.c.t.LogArchiveThread [Log Archiver] LogArchiveThread closed.
2018-08-01 17:32:47,908 DEBUG c.c.m.StartMain [AWT-EventQueue-0] Log File Archiver terminated
2018-08-01 17:32:47,908 DEBUG c.c.m.StartMain [AWT-EventQueue-0] Shutting down Status Thread
2018-08-01 17:32:47,966 DEBUG c.c.t.StatusThread [Status Thread] StatusThread closed.
2018-08-01 17:32:48,010 DEBUG c.c.m.StartMain [AWT-EventQueue-0] Status Thread terminated
2018-08-01 17:32:48,010 DEBUG c.c.m.StartMain [AWT-EventQueue-0] Shutting down Maps
2018-08-01 17:32:48,011 DEBUG c.c.s.MiddlewareConfig [AWT-EventQueue-0] stopMaps
2018-08-01 17:32:48,011 DEBUG c.c.I.M.Map [AWT-EventQueue-0] Map [map01] Description [Rockwell Material Master to C4J Material Master] setEnabled false
2018-08-01 17:32:48,011 DEBUG A.c.c.I.InboundInterfaceABSTRACT [AWT-EventQueue-0] setEnabled false
2018-08-01 17:32:48,011 DEBUG A.c.c.I.InboundInterfaceABSTRACT [AWT-EventQueue-0] Stop Requested : [Read Rockwell Material Master]
2018-08-01 17:32:48,011 DEBUG A.c.c.I.OutboundInterfaceABSTRACT [AWT-EventQueue-0] setEnabled false
2018-08-01 17:32:48,011 DEBUG A.c.c.I.OutboundInterfaceABSTRACT [AWT-EventQueue-0] Stop Requested : [Write Commander4j Material Master]
2018-08-01 17:32:48,012 DEBUG c.c.I.M.Map [AWT-EventQueue-0] Map [map02] Description [S95 Process Order to C4J Process Order] setEnabled false
2018-08-01 17:32:48,012 DEBUG A.c.c.I.InboundInterfaceABSTRACT [AWT-EventQueue-0] setEnabled false
2018-08-01 17:32:48,012 DEBUG A.c.c.I.InboundInterfaceABSTRACT [AWT-EventQueue-0] Stop Requested : [Read SAP S95 CR XML]
2018-08-01 17:32:48,012 DEBUG A.c.c.I.OutboundInterfaceABSTRACT [AWT-EventQueue-0] setEnabled false
2018-08-01 17:32:48,012 DEBUG A.c.c.I.OutboundInterfaceABSTRACT [AWT-EventQueue-0] Stop Requested : [Write Commander4j Process Order XML]
2018-08-01 17:32:48,013 DEBUG c.c.I.M.Map [AWT-EventQueue-0] Map [map03] Description [Synchro CSV] setEnabled false
2018-08-01 17:32:48,013 DEBUG A.c.c.I.InboundInterfaceABSTRACT [AWT-EventQueue-0] setEnabled false
2018-08-01 17:32:48,013 DEBUG A.c.c.I.InboundInterfaceABSTRACT [AWT-EventQueue-0] Stop Requested : [Read CSV Example]
2018-08-01 17:32:48,013 DEBUG A.c.c.I.OutboundInterfaceABSTRACT [AWT-EventQueue-0] setEnabled false
2018-08-01 17:32:48,013 DEBUG A.c.c.I.OutboundInterfaceABSTRACT [AWT-EventQueue-0] Stop Requested : [Write XML Example]
2018-08-01 17:32:48,014 DEBUG c.c.I.M.Map [AWT-EventQueue-0] Map [map04] Description [S95 Batch Status Change to C4J Batch Status Change] setEnabled false
2018-08-01 17:32:48,014 DEBUG A.c.c.I.InboundInterfaceABSTRACT [AWT-EventQueue-0] setEnabled false
2018-08-01 17:32:48,014 DEBUG A.c.c.I.InboundInterfaceABSTRACT [AWT-EventQueue-0] Stop Requested : [Read S95 Batch Status Change]
2018-08-01 17:32:48,014 DEBUG A.c.c.I.OutboundInterfaceABSTRACT [AWT-EventQueue-0] setEnabled false
2018-08-01 17:32:48,014 DEBUG A.c.c.I.OutboundInterfaceABSTRACT [AWT-EventQueue-0] Stop Requested : [Write Commander4j Batch Status Change]
2018-08-01 17:32:48,014 DEBUG c.c.I.M.Map [AWT-EventQueue-0] Map [map05] Description [S95 Transfer Schedule to C4J Pallet Status Change] setEnabled false
2018-08-01 17:32:48,014 DEBUG A.c.c.I.InboundInterfaceABSTRACT [AWT-EventQueue-0] setEnabled false
2018-08-01 17:32:48,014 DEBUG A.c.c.I.InboundInterfaceABSTRACT [AWT-EventQueue-0] Stop Requested : [Read SAP S95 TRANSFER ORDER XML]
2018-08-01 17:32:48,015 DEBUG A.c.c.I.OutboundInterfaceABSTRACT [AWT-EventQueue-0] setEnabled false
2018-08-01 17:32:48,015 DEBUG A.c.c.I.OutboundInterfaceABSTRACT [AWT-EventQueue-0] Stop Requested : [Write Commander4j Pallet Status Change XML]
2018-08-01 17:32:48,015 DEBUG c.c.I.M.Map [AWT-EventQueue-0] Map [map06] Description [S95 Process Order Status Change to C4J Process Order Status Change] setEnabled false
2018-08-01 17:32:48,015 DEBUG A.c.c.I.InboundInterfaceABSTRACT [AWT-EventQueue-0] setEnabled false
2018-08-01 17:32:48,015 DEBUG A.c.c.I.InboundInterfaceABSTRACT [AWT-EventQueue-0] Stop Requested : [Read SAP S95 CRST XML]
2018-08-01 17:32:48,015 DEBUG A.c.c.I.OutboundInterfaceABSTRACT [AWT-EventQueue-0] setEnabled false
2018-08-01 17:32:48,016 DEBUG A.c.c.I.OutboundInterfaceABSTRACT [AWT-EventQueue-0] Stop Requested : [Write Commander4j Process Order Status Change XML]
2018-08-01 17:32:48,016 DEBUG c.c.I.M.Map [AWT-EventQueue-0] Map [map07] Description [C4J Production Declaration to S95 Production Declaration] setEnabled false
2018-08-01 17:32:48,016 DEBUG A.c.c.I.InboundInterfaceABSTRACT [AWT-EventQueue-0] setEnabled false
2018-08-01 17:32:48,016 DEBUG A.c.c.I.InboundInterfaceABSTRACT [AWT-EventQueue-0] Stop Requested : [Read C4J Prod Dec XML]
2018-08-01 17:32:48,016 DEBUG A.c.c.I.OutboundInterfaceABSTRACT [AWT-EventQueue-0] setEnabled false
2018-08-01 17:32:48,016 DEBUG A.c.c.I.OutboundInterfaceABSTRACT [AWT-EventQueue-0] Stop Requested : [Write S95 Prod Dec XML]
2018-08-01 17:32:48,017 DEBUG c.c.I.M.Map [AWT-EventQueue-0] Map [map08] Description [ASCII Flat File Fixed Column to XML] setEnabled false
2018-08-01 17:32:48,017 DEBUG A.c.c.I.InboundInterfaceABSTRACT [AWT-EventQueue-0] setEnabled false
2018-08-01 17:32:48,017 DEBUG A.c.c.I.InboundInterfaceABSTRACT [AWT-EventQueue-0] Stop Requested : [Read ASCII Flat File]
2018-08-01 17:32:48,017 DEBUG A.c.c.I.OutboundInterfaceABSTRACT [AWT-EventQueue-0] setEnabled false
2018-08-01 17:32:48,017 DEBUG A.c.c.I.OutboundInterfaceABSTRACT [AWT-EventQueue-0] Stop Requested : [Write XML]
2018-08-01 17:32:48,017 DEBUG c.c.I.M.Map [AWT-EventQueue-0] Map [map09] Description [Tropos Material XML] setEnabled false
2018-08-01 17:32:48,017 DEBUG A.c.c.I.InboundInterfaceABSTRACT [AWT-EventQueue-0] setEnabled false
2018-08-01 17:32:48,017 DEBUG A.c.c.I.InboundInterfaceABSTRACT [AWT-EventQueue-0] Stop Requested : [Read XML File]
2018-08-01 17:32:48,018 DEBUG A.c.c.I.OutboundInterfaceABSTRACT [AWT-EventQueue-0] setEnabled false
2018-08-01 17:32:48,018 DEBUG A.c.c.I.OutboundInterfaceABSTRACT [AWT-EventQueue-0] Stop Requested : [Write XML]
2018-08-01 17:32:48,018 DEBUG c.c.I.M.Map [AWT-EventQueue-0] Map [map10] Description [Tropos Works Order XML] setEnabled false
2018-08-01 17:32:48,018 DEBUG A.c.c.I.InboundInterfaceABSTRACT [AWT-EventQueue-0] setEnabled false
2018-08-01 17:32:48,018 DEBUG A.c.c.I.InboundInterfaceABSTRACT [AWT-EventQueue-0] Stop Requested : [Read XML File]
2018-08-01 17:32:48,018 DEBUG A.c.c.I.OutboundInterfaceABSTRACT [AWT-EventQueue-0] setEnabled false
2018-08-01 17:32:48,018 DEBUG A.c.c.I.OutboundInterfaceABSTRACT [AWT-EventQueue-0] Stop Requested : [Write XML]
2018-08-01 17:32:48,018 DEBUG c.c.I.M.Map [AWT-EventQueue-0] Map [map11] Description [C4J Production Declaration to TROPOS Goods Receipt] setEnabled false
2018-08-01 17:32:48,019 DEBUG A.c.c.I.InboundInterfaceABSTRACT [AWT-EventQueue-0] setEnabled false
2018-08-01 17:32:48,019 DEBUG A.c.c.I.InboundInterfaceABSTRACT [AWT-EventQueue-0] Stop Requested : [Read XML File]
2018-08-01 17:32:48,019 DEBUG A.c.c.I.OutboundInterfaceABSTRACT [AWT-EventQueue-0] setEnabled false
2018-08-01 17:32:48,019 DEBUG A.c.c.I.OutboundInterfaceABSTRACT [AWT-EventQueue-0] Stop Requested : [Write CSV]
2018-08-01 17:32:48,019 DEBUG c.c.I.M.Map [AWT-EventQueue-0] Map [map12] Description [C4J Production Declaration to ASCII Flat File] setEnabled false
2018-08-01 17:32:48,019 DEBUG A.c.c.I.InboundInterfaceABSTRACT [AWT-EventQueue-0] setEnabled false
2018-08-01 17:32:48,019 DEBUG A.c.c.I.InboundInterfaceABSTRACT [AWT-EventQueue-0] Stop Requested : [Read XML File]
2018-08-01 17:32:48,019 DEBUG A.c.c.I.OutboundInterfaceABSTRACT [AWT-EventQueue-0] setEnabled false
2018-08-01 17:32:48,019 DEBUG A.c.c.I.OutboundInterfaceABSTRACT [AWT-EventQueue-0] Stop Requested : [Write ASCII File]
2018-08-01 17:32:48,019 DEBUG c.c.I.M.Map [AWT-EventQueue-0] Map [map13] Description [C4J Production Dec to ASCII and CSV Files] setEnabled false
2018-08-01 17:32:48,019 DEBUG A.c.c.I.InboundInterfaceABSTRACT [AWT-EventQueue-0] setEnabled false
2018-08-01 17:32:48,019 DEBUG A.c.c.I.InboundInterfaceABSTRACT [AWT-EventQueue-0] Stop Requested : [Read XML File]
2018-08-01 17:32:48,019 DEBUG A.c.c.I.OutboundInterfaceABSTRACT [AWT-EventQueue-0] setEnabled false
2018-08-01 17:32:48,019 DEBUG A.c.c.I.OutboundInterfaceABSTRACT [AWT-EventQueue-0] Stop Requested : [Write ASCII File]
2018-08-01 17:32:48,019 DEBUG A.c.c.I.OutboundInterfaceABSTRACT [AWT-EventQueue-0] setEnabled false
2018-08-01 17:32:48,020 DEBUG A.c.c.I.OutboundInterfaceABSTRACT [AWT-EventQueue-0] Stop Requested : [Write CSV]
2018-08-01 17:32:48,020 DEBUG c.c.I.M.Map [AWT-EventQueue-0] Map [map14] Description [W-ware FFMW Material to C4J MM] setEnabled false
2018-08-01 17:32:48,020 DEBUG A.c.c.I.InboundInterfaceABSTRACT [AWT-EventQueue-0] setEnabled false
2018-08-01 17:32:48,020 DEBUG A.c.c.I.InboundInterfaceABSTRACT [AWT-EventQueue-0] Stop Requested : [Read FFMW Material Master]
2018-08-01 17:32:48,020 DEBUG A.c.c.I.OutboundInterfaceABSTRACT [AWT-EventQueue-0] setEnabled false
2018-08-01 17:32:48,020 DEBUG A.c.c.I.OutboundInterfaceABSTRACT [AWT-EventQueue-0] Stop Requested : [Write Commander4j Material]
2018-08-01 17:32:48,020 DEBUG c.c.I.M.Map [AWT-EventQueue-0] Map [map15] Description [C4J Equipment Tracking to ASCII Flat File] setEnabled false
2018-08-01 17:32:48,020 DEBUG A.c.c.I.InboundInterfaceABSTRACT [AWT-EventQueue-0] setEnabled false
2018-08-01 17:32:48,020 DEBUG A.c.c.I.InboundInterfaceABSTRACT [AWT-EventQueue-0] Stop Requested : [Read XML File]
2018-08-01 17:32:48,020 DEBUG A.c.c.I.OutboundInterfaceABSTRACT [AWT-EventQueue-0] setEnabled false
2018-08-01 17:32:48,020 DEBUG A.c.c.I.OutboundInterfaceABSTRACT [AWT-EventQueue-0] Stop Requested : [Write ASCII File]
2018-08-01 17:32:48,020 DEBUG c.c.I.M.Map [AWT-EventQueue-0] Map [map16] Description [Split inbound XML into 2 outbounds] setEnabled false
2018-08-01 17:32:48,020 DEBUG A.c.c.I.InboundInterfaceABSTRACT [AWT-EventQueue-0] setEnabled false
2018-08-01 17:32:48,020 DEBUG A.c.c.I.InboundInterfaceABSTRACT [AWT-EventQueue-0] Stop Requested : [Read XML File]
2018-08-01 17:32:48,020 DEBUG A.c.c.I.OutboundInterfaceABSTRACT [AWT-EventQueue-0] setEnabled false
2018-08-01 17:32:48,020 DEBUG A.c.c.I.OutboundInterfaceABSTRACT [AWT-EventQueue-0] Stop Requested : [Write XML Copy 1]
2018-08-01 17:32:48,021 DEBUG A.c.c.I.OutboundInterfaceABSTRACT [AWT-EventQueue-0] setEnabled false
2018-08-01 17:32:48,021 DEBUG A.c.c.I.OutboundInterfaceABSTRACT [AWT-EventQueue-0] Stop Requested : [Write XML Copy 2]
2018-08-01 17:32:48,021 DEBUG c.c.I.M.Map [AWT-EventQueue-0] Map [map17] Description [Excel Spreadsheet to CSV] setEnabled false
2018-08-01 17:32:48,021 DEBUG A.c.c.I.InboundInterfaceABSTRACT [AWT-EventQueue-0] setEnabled false
2018-08-01 17:32:48,021 DEBUG A.c.c.I.InboundInterfaceABSTRACT [AWT-EventQueue-0] Stop Requested : [Read Excel File]
2018-08-01 17:32:48,021 DEBUG A.c.c.I.OutboundInterfaceABSTRACT [AWT-EventQueue-0] setEnabled false
2018-08-01 17:32:48,021 DEBUG A.c.c.I.OutboundInterfaceABSTRACT [AWT-EventQueue-0] Stop Requested : [Write CSV File]
2018-08-01 17:32:48,021 DEBUG c.c.I.M.Map [AWT-EventQueue-0] Map [map18] Description [SAP Idoc Material Master to C4J XML] setEnabled false
2018-08-01 17:32:48,021 DEBUG A.c.c.I.InboundInterfaceABSTRACT [AWT-EventQueue-0] setEnabled false
2018-08-01 17:32:48,021 DEBUG A.c.c.I.InboundInterfaceABSTRACT [AWT-EventQueue-0] Stop Requested : [Read IDOC]
2018-08-01 17:32:48,021 DEBUG A.c.c.I.OutboundInterfaceABSTRACT [AWT-EventQueue-0] setEnabled false
2018-08-01 17:32:48,021 DEBUG A.c.c.I.OutboundInterfaceABSTRACT [AWT-EventQueue-0] Stop Requested : [Write XML File]
2018-08-01 17:32:48,021 DEBUG c.c.I.M.Map [AWT-EventQueue-0] Map [map19] Description [Pre Advice XML to Excel Spreadsheet] setEnabled false
2018-08-01 17:32:48,021 DEBUG A.c.c.I.InboundInterfaceABSTRACT [AWT-EventQueue-0] setEnabled false
2018-08-01 17:32:48,021 DEBUG A.c.c.I.InboundInterfaceABSTRACT [AWT-EventQueue-0] Stop Requested : [Read XML File]
2018-08-01 17:32:48,021 DEBUG A.c.c.I.OutboundInterfaceABSTRACT [AWT-EventQueue-0] setEnabled false
2018-08-01 17:32:48,022 DEBUG A.c.c.I.OutboundInterfaceABSTRACT [AWT-EventQueue-0] Stop Requested : [Write Excel XML File]
2018-08-01 17:32:48,022 DEBUG c.c.I.M.Map [AWT-EventQueue-0] Map [map20] Description [Pre Advice XML to ASCII File] setEnabled false
2018-08-01 17:32:48,022 DEBUG A.c.c.I.InboundInterfaceABSTRACT [AWT-EventQueue-0] setEnabled false
2018-08-01 17:32:48,022 DEBUG A.c.c.I.InboundInterfaceABSTRACT [AWT-EventQueue-0] Stop Requested : [Read XML File]
2018-08-01 17:32:48,022 DEBUG A.c.c.I.OutboundInterfaceABSTRACT [AWT-EventQueue-0] setEnabled false
2018-08-01 17:32:48,022 DEBUG A.c.c.I.OutboundInterfaceABSTRACT [AWT-EventQueue-0] Stop Requested : [Write ASCII File]
2018-08-01 17:32:48,022 DEBUG c.c.I.M.Map [AWT-EventQueue-0] Map [map21] Description [Email Send] setEnabled false
2018-08-01 17:32:48,022 DEBUG A.c.c.I.InboundInterfaceABSTRACT [AWT-EventQueue-0] setEnabled false
2018-08-01 17:32:48,022 DEBUG A.c.c.I.InboundInterfaceABSTRACT [AWT-EventQueue-0] Stop Requested : [Read File]
2018-08-01 17:32:48,022 DEBUG A.c.c.I.OutboundInterfaceABSTRACT [AWT-EventQueue-0] setEnabled false
2018-08-01 17:32:48,022 DEBUG A.c.c.I.OutboundInterfaceABSTRACT [AWT-EventQueue-0] Stop Requested : [Write File]
2018-08-01 17:32:48,022 DEBUG c.c.I.M.Map [AWT-EventQueue-0] Map [map22] Description [Atlas XML filtered to C4J XML] setEnabled false
2018-08-01 17:32:48,022 DEBUG A.c.c.I.InboundInterfaceABSTRACT [AWT-EventQueue-0] setEnabled false
2018-08-01 17:32:48,022 DEBUG A.c.c.I.InboundInterfaceABSTRACT [AWT-EventQueue-0] Stop Requested : [Read Atlas XML]
2018-08-01 17:32:48,022 DEBUG A.c.c.I.OutboundInterfaceABSTRACT [AWT-EventQueue-0] setEnabled false
2018-08-01 17:32:48,022 DEBUG A.c.c.I.OutboundInterfaceABSTRACT [AWT-EventQueue-0] Stop Requested : [Write Commander4j XML]
2018-08-01 17:32:48,023 DEBUG c.c.I.M.Map [AWT-EventQueue-0] Map [map23] Description [CSV to DB] setEnabled false
2018-08-01 17:32:48,023 DEBUG A.c.c.I.InboundInterfaceABSTRACT [AWT-EventQueue-0] setEnabled false
2018-08-01 17:32:48,023 DEBUG A.c.c.I.InboundInterfaceABSTRACT [AWT-EventQueue-0] Stop Requested : [Read CSV Example]
2018-08-01 17:32:48,023 DEBUG A.c.c.I.OutboundInterfaceABSTRACT [AWT-EventQueue-0] setEnabled false
2018-08-01 17:32:48,023 DEBUG A.c.c.I.OutboundInterfaceABSTRACT [AWT-EventQueue-0] Stop Requested : [Write DB]
2018-08-01 17:32:48,023 DEBUG c.c.I.M.Map [AWT-EventQueue-0] Map [map24] Description [Pre Advice XML to CSV] setEnabled false
2018-08-01 17:32:48,023 DEBUG A.c.c.I.InboundInterfaceABSTRACT [AWT-EventQueue-0] setEnabled false
2018-08-01 17:32:48,023 DEBUG A.c.c.I.InboundInterfaceABSTRACT [AWT-EventQueue-0] Stop Requested : [Read XML]
2018-08-01 17:32:48,023 DEBUG A.c.c.I.OutboundInterfaceABSTRACT [AWT-EventQueue-0] setEnabled false
2018-08-01 17:32:48,023 DEBUG A.c.c.I.OutboundInterfaceABSTRACT [AWT-EventQueue-0] Stop Requested : [Write CSV]
2018-08-01 17:32:48,023 DEBUG c.c.I.M.Map [AWT-EventQueue-0] Map [map25] Description [C4J Production Declaration Rounded Expiry Time] setEnabled false
2018-08-01 17:32:48,023 DEBUG A.c.c.I.InboundInterfaceABSTRACT [AWT-EventQueue-0] setEnabled false
2018-08-01 17:32:48,023 DEBUG A.c.c.I.InboundInterfaceABSTRACT [AWT-EventQueue-0] Stop Requested : [Read C4J Prod Dec XML]
2018-08-01 17:32:48,023 DEBUG A.c.c.I.OutboundInterfaceABSTRACT [AWT-EventQueue-0] setEnabled false
2018-08-01 17:32:48,023 DEBUG A.c.c.I.OutboundInterfaceABSTRACT [AWT-EventQueue-0] Stop Requested : [Write S95 Prod Dec XML]
2018-08-01 17:32:48,023 DEBUG c.c.I.M.Map [AWT-EventQueue-0] Map [map26] Description [EPCIS to TraceLink] setEnabled false
2018-08-01 17:32:48,024 DEBUG A.c.c.I.InboundInterfaceABSTRACT [AWT-EventQueue-0] setEnabled false
2018-08-01 17:32:48,024 DEBUG A.c.c.I.InboundInterfaceABSTRACT [AWT-EventQueue-0] Stop Requested : [Read EPCIS]
2018-08-01 17:32:48,024 DEBUG A.c.c.I.OutboundInterfaceABSTRACT [AWT-EventQueue-0] setEnabled false
2018-08-01 17:32:48,024 DEBUG A.c.c.I.OutboundInterfaceABSTRACT [AWT-EventQueue-0] Stop Requested : [Write TraceLink]
2018-08-01 17:32:48,024 DEBUG c.c.I.M.Map [AWT-EventQueue-0] Map [map27] Description [Send to FTP destination] setEnabled false
2018-08-01 17:32:48,024 DEBUG A.c.c.I.InboundInterfaceABSTRACT [AWT-EventQueue-0] setEnabled false
2018-08-01 17:32:48,024 DEBUG A.c.c.I.InboundInterfaceABSTRACT [AWT-EventQueue-0] Stop Requested : [Read RAW File]
2018-08-01 17:32:48,024 DEBUG A.c.c.I.OutboundInterfaceABSTRACT [AWT-EventQueue-0] setEnabled false
2018-08-01 17:32:48,024 DEBUG A.c.c.I.OutboundInterfaceABSTRACT [AWT-EventQueue-0] Stop Requested : [Send to FTP Server]
2018-08-01 17:32:48,024 DEBUG c.c.m.StartMain [AWT-EventQueue-0] Maps Terminated
2018-08-01 17:32:48,025 INFO c.c.m.StartMain [AWT-EventQueue-0] 

Interface Statistics
********************

Map : [map01] Description [Rockwell Material Master to C4J Material Master             ] Inbound Map Count [    0] Outbound Map Count [    0]
Map : [map02] Description [S95 Process Order to C4J Process Order                      ] Inbound Map Count [    0] Outbound Map Count [    0]
Map : [map03] Description [Synchro CSV                                                 ] Inbound Map Count [    0] Outbound Map Count [    0]
Map : [map04] Description [S95 Batch Status Change to C4J Batch Status Change          ] Inbound Map Count [    0] Outbound Map Count [    0]
Map : [map05] Description [S95 Transfer Schedule to C4J Pallet Status Change           ] Inbound Map Count [    0] Outbound Map Count [    0]
Map : [map06] Description [S95 Process Order Status Change to C4J Process Order Status ] Inbound Map Count [    0] Outbound Map Count [    0]
Map : [map07] Description [C4J Production Declaration to S95 Production Declaration    ] Inbound Map Count [    0] Outbound Map Count [    0]
Map : [map08] Description [ASCII Flat File Fixed Column to XML                         ] Inbound Map Count [    0] Outbound Map Count [    0]
Map : [map09] Description [Tropos Material XML                                         ] Inbound Map Count [    0] Outbound Map Count [    0]
Map : [map10] Description [Tropos Works Order XML                                      ] Inbound Map Count [    0] Outbound Map Count [    0]
Map : [map11] Description [C4J Production Declaration to TROPOS Goods Receipt          ] Inbound Map Count [    0] Outbound Map Count [    0]
Map : [map12] Description [C4J Production Declaration to ASCII Flat File               ] Inbound Map Count [    0] Outbound Map Count [    0]
Map : [map13] Description [C4J Production Dec to ASCII and CSV Files                   ] Inbound Map Count [    0] Outbound Map Count [    0]
Map : [map14] Description [W-ware FFMW Material to C4J MM                              ] Inbound Map Count [    0] Outbound Map Count [    0]
Map : [map15] Description [C4J Equipment Tracking to ASCII Flat File                   ] Inbound Map Count [    1] Outbound Map Count [    1]
Map : [map16] Description [Split inbound XML into 2 outbounds                          ] Inbound Map Count [    0] Outbound Map Count [    0]
Map : [map17] Description [Excel Spreadsheet to CSV                                    ] Inbound Map Count [    0] Outbound Map Count [    0]
Map : [map18] Description [SAP Idoc Material Master to C4J XML                         ] Inbound Map Count [    0] Outbound Map Count [    0]
Map : [map19] Description [Pre Advice XML to Excel Spreadsheet                         ] Inbound Map Count [    0] Outbound Map Count [    0]
Map : [map20] Description [Pre Advice XML to ASCII File                                ] Inbound Map Count [    0] Outbound Map Count [    0]
Map : [map21] Description [Email Send                                                  ] Inbound Map Count [    0] Outbound Map Count [    0]
Map : [map22] Description [Atlas XML filtered to C4J XML                               ] Inbound Map Count [    0] Outbound Map Count [    0]
Map : [map23] Description [CSV to DB                                                   ] Inbound Map Count [    0] Outbound Map Count [    0]
Map : [map24] Description [Pre Advice XML to CSV                                       ] Inbound Map Count [    0] Outbound Map Count [    0]
Map : [map25] Description [C4J Production Declaration Rounded Expiry Time              ] Inbound Map Count [    0] Outbound Map Count [    0]
Map : [map26] Description [EPCIS to TraceLink                                          ] Inbound Map Count [    0] Outbound Map Count [    0]
Map : [map27] Description [Send to FTP destination                                     ] Inbound Map Count [    0] Outbound Map Count [    0]

2018-08-01 17:32:48,025 DEBUG c.c.m.StartMain [AWT-EventQueue-0] *************************
2018-08-01 17:32:48,025 DEBUG c.c.m.StartMain [AWT-EventQueue-0] **      STOPPED        **
2018-08-01 17:32:48,026 DEBUG c.c.m.StartMain [AWT-EventQueue-0] *************************
2018-08-01 17:32:48,091 DEBUG c.c.m.StartMain [AWT-EventQueue-0] Shutting down email thread
2018-08-01 17:32:48,808 DEBUG c.c.t.EmailThread [Email Thread] EmailThread closed.
2018-08-01 17:32:48,910 DEBUG c.c.m.StartMain [AWT-EventQueue-0] Emailer terminated
