#
# A fatal error has been detected by the Java Runtime Environment:
#
#  SIGSEGV (0xb) at pc=0x0000000107680093, pid=1031, tid=0x0000000000005103
#
# JRE version: Java(TM) SE Runtime Environment (8.0_102-b14) (build 1.8.0_102-b14)
# Java VM: Java HotSpot(TM) 64-Bit Server VM (25.102-b14 mixed mode bsd-amd64 compressed oops)
# Problematic frame:
# V  [libjvm.dylib+0x480093]
#
# Failed to write core dump. Core dumps have been disabled. To enable core dumping, try "ulimit -c unlimited" before starting Java again
#
# If you would like to submit a bug report, please visit:
#   http://bugreport.java.com/bugreport/crash.jsp
#

---------------  T H R E A D  ---------------

Current thread (0x00007fa705002000):  JavaThread "C1 CompilerThread3" daemon [_thread_in_native, id=20739, stack(0x0000700001250000,0x0000700001350000)]

siginfo: si_signo: 11 (SIGSEGV), si_code: 1 (SEGV_MAPERR), si_addr: 0x0000000000000004

Registers:
RAX=0x00007fa7023ecf50, RBX=0x0000000000000000, RCX=0x00007fa7023ecf70, RDX=0x0000000000000000
RSP=0x000070000134f270, RBP=0x000070000134f2c0, RSI=0x0000000000000000, RDI=0x00007fa7023ecf50
R8 =0x00000000ffffffff, R9 =0x0000000000000000, R10=0x0000000000000000, R11=0x00007fa7023ece60
R12=0x00007fa7032f96d0, R13=0x00007fa7032f8810, R14=0x00007fa7023ecf50, R15=0x00007fa7032f92d0
RIP=0x0000000107680093, EFLAGS=0x0000000000010202, ERR=0x0000000000000004
  TRAPNO=0x000000000000000e

Top of Stack: (sp=0x000070000134f270)
0x000070000134f270:   00007fa7023ecd10 00007fa7032f96d0
0x000070000134f280:   00007fa7032f96d0 000070000134f488
0x000070000134f290:   000070000134f2b0 00000001072bdb5d
0x000070000134f2a0:   0000000000000000 00007fa7032f96d0
0x000070000134f2b0:   00007fa7023ecf50 00007fa7032f92d0
0x000070000134f2c0:   000070000134f2e0 0000000107680167
0x000070000134f2d0:   000000000000042a 00007fa704100df0
0x000070000134f2e0:   000070000134f310 00000001072fdb2e
0x000070000134f2f0:   000000010829ef60 00007fa7032f92d0
0x000070000134f300:   000000000000042a 000070000134f488
0x000070000134f310:   000070000134f340 000000010730518a
0x000070000134f320:   0000000000000000 000070000134f488
0x000070000134f330:   00007fa7032f96d0 00007fa7032f92d0
0x000070000134f340:   000070000134f410 00000001072e71e7
0x000070000134f350:   0000000107a0f6c0 0000000000000000
0x000070000134f360:   000070000134f400 00007fa7030fa7b0
0x000070000134f370:   00007fa7030fa7b0 00007fa7023ecd00
0x000070000134f380:   000000010829ef60 0000000107a0f6c0
0x000070000134f390:   0000000000000000 000070000134f400
0x000070000134f3a0:   00007fa7030fa7b0 00007fa7030fa7b0
0x000070000134f3b0:   00007fa7023ecd00 000000010829ef60
0x000070000134f3c0:   0000000107a0f6c0 0000000000000000
0x000070000134f3d0:   000070000134f400 00007fa7030fa7b0
0x000070000134f3e0:   00007fa7030fa7b0 00007fa7030fa700
0x000070000134f3f0:   000000010829ef60 0000000000000000
0x000070000134f400:   00007fa7023ecd30 000070000134f488
0x000070000134f410:   000070000134f440 0000000107305bfc
0x000070000134f420:   000070000134f488 0000000000000005
0x000070000134f430:   000070000134f700 000070000134f700
0x000070000134f440:   000070000134f470 00000001072e8368
0x000070000134f450:   000070000134f700 000070000134f700
0x000070000134f460:   000070000134f488 00007fa7023ecd10 

Instructions: (pc=0x0000000107680093)
0x0000000107680073:   05 c8 30 3b 00 5d e9 38 fe ff ff 55 48 89 e5 41
0x0000000107680083:   57 41 56 41 54 53 48 83 ec 30 48 89 d3 49 89 fe
0x0000000107680093:   44 8b 7b 04 bf 10 00 00 00 31 f6 e8 f5 a8 05 00
0x00000001076800a3:   48 85 c0 49 89 c4 74 0d 44 89 fe 01 f6 4c 89 e7 

Register to memory mapping:

RAX=0x00007fa7023ecf50 is an unknown value
RBX=0x0000000000000000 is an unknown value
RCX=0x00007fa7023ecf70 is an unknown value
RDX=0x0000000000000000 is an unknown value
RSP=0x000070000134f270 is pointing into the stack for thread: 0x00007fa705002000
RBP=0x000070000134f2c0 is pointing into the stack for thread: 0x00007fa705002000
RSI=0x0000000000000000 is an unknown value
RDI=0x00007fa7023ecf50 is an unknown value
R8 =0x00000000ffffffff is an unknown value
R9 =0x0000000000000000 is an unknown value
R10=0x0000000000000000 is an unknown value
R11=0x00007fa7023ece60 is an unknown value
R12=0x00007fa7032f96d0 is an unknown value
R13=0x00007fa7032f8810 is an unknown value
R14=0x00007fa7023ecf50 is an unknown value
R15=0x00007fa7032f92d0 is an unknown value


Stack: [0x0000700001250000,0x0000700001350000],  sp=0x000070000134f270,  free space=1020k
Native frames: (J=compiled Java code, j=interpreted, Vv=VM code, C=native code)
V  [libjvm.dylib+0x480093]
V  [libjvm.dylib+0x480167]
V  [libjvm.dylib+0xfdb2e]
V  [libjvm.dylib+0x10518a]
V  [libjvm.dylib+0xe71e7]
V  [libjvm.dylib+0x105bfc]
V  [libjvm.dylib+0xe8368]
V  [libjvm.dylib+0xe84c6]
V  [libjvm.dylib+0xe88f5]
V  [libjvm.dylib+0xe8a63]
V  [libjvm.dylib+0xe8c78]
V  [libjvm.dylib+0xe93fa]
V  [libjvm.dylib+0x1b6998]
V  [libjvm.dylib+0x1b8edf]
V  [libjvm.dylib+0x56a4db]
V  [libjvm.dylib+0x56bbc8]
V  [libjvm.dylib+0x489ed2]
C  [libsystem_pthread.dylib+0x399d]  _pthread_body+0x83
C  [libsystem_pthread.dylib+0x391a]  _pthread_body+0x0
C  [libsystem_pthread.dylib+0x1351]  thread_start+0xd
C  0x0000000000000000


Current CompileTask:
C1:  34057 2708       3       sun.java2d.SunGraphics2D::setColor (108 bytes)


---------------  P R O C E S S  ---------------

Java Threads: ( => current thread )
  0x00007fa705825000 JavaThread "Image Fetcher 0" daemon [_thread_blocked, id=41435, stack(0x0000700001762000,0x0000700001862000)]
  0x00007fa7024ef000 JavaThread "TimerQueue" daemon [_thread_blocked, id=67987, stack(0x0000700001dfd000,0x0000700001efd000)]
  0x00007fa7021c9000 JavaThread "Java2D Disposer" daemon [_thread_blocked, id=53779, stack(0x0000700001b74000,0x0000700001c74000)]
  0x00007fa70593b800 JavaThread "Java2D Queue Flusher" daemon [_thread_blocked, id=54023, stack(0x0000700001a71000,0x0000700001b71000)]
  0x00007fa704802800 JavaThread "DestroyJavaVM" [_thread_blocked, id=5891, stack(0x000070000011a000,0x000070000021a000)]
  0x00007fa7048ef800 JavaThread "AWT-EventQueue-0" [_thread_blocked, id=46907, stack(0x000070000196e000,0x0000700001a6e000)]
  0x00007fa7058f2000 JavaThread "AWT-Shutdown" [_thread_blocked, id=31763, stack(0x00007000015dc000,0x00007000016dc000)]
  0x00007fa703031000 JavaThread "AppKit Thread" daemon [_thread_in_native, id=2571, stack(0x00007fff595d0000,0x00007fff59dd0000)]
  0x00007fa705840800 JavaThread "Service Thread" daemon [_thread_blocked, id=21251, stack(0x0000700001353000,0x0000700001453000)]
=>0x00007fa705002000 JavaThread "C1 CompilerThread3" daemon [_thread_in_native, id=20739, stack(0x0000700001250000,0x0000700001350000)]
  0x00007fa706002000 JavaThread "C2 CompilerThread2" daemon [_thread_blocked, id=20227, stack(0x000070000114d000,0x000070000124d000)]
  0x00007fa70580a800 JavaThread "C2 CompilerThread1" daemon [_thread_blocked, id=19715, stack(0x000070000104a000,0x000070000114a000)]
  0x00007fa70482c800 JavaThread "C2 CompilerThread0" daemon [_thread_blocked, id=19203, stack(0x0000700000f47000,0x0000700001047000)]
  0x00007fa704800800 JavaThread "Signal Dispatcher" daemon [_thread_blocked, id=14863, stack(0x0000700000e44000,0x0000700000f44000)]
  0x00007fa705808800 JavaThread "Finalizer" daemon [_thread_blocked, id=14339, stack(0x0000700000c3b000,0x0000700000d3b000)]
  0x00007fa705806000 JavaThread "Reference Handler" daemon [_thread_blocked, id=13827, stack(0x0000700000b38000,0x0000700000c38000)]

Other Threads:
  0x00007fa70304b000 VMThread [stack: 0x0000700000a35000,0x0000700000b35000] [id=13315]
  0x00007fa704824800 WatcherThread [stack: 0x0000700001456000,0x0000700001556000] [id=21763]

VM state:not at safepoint (normal execution)

VM Mutex/Monitor currently owned by a thread: None

Heap:
 PSYoungGen      total 76288K, used 28229K [0x000000076ab00000, 0x0000000772500000, 0x00000007c0000000)
  eden space 65536K, 42% used [0x000000076ab00000,0x000000076c5efd38,0x000000076eb00000)
  from space 10752K, 6% used [0x000000076eb00000,0x000000076eba1aa8,0x000000076f580000)
  to   space 10752K, 0% used [0x0000000771a80000,0x0000000771a80000,0x0000000772500000)
 ParOldGen       total 74752K, used 9112K [0x00000006c0000000, 0x00000006c4900000, 0x000000076ab00000)
  object space 74752K, 12% used [0x00000006c0000000,0x00000006c08e63f8,0x00000006c4900000)
 Metaspace       used 27064K, capacity 27588K, committed 27904K, reserved 1073152K
  class space    used 3570K, capacity 3804K, committed 3840K, reserved 1048576K

Card table byte_map: [0x0000000117561000,0x0000000117d62000] byte_map_base: 0x0000000113f61000

Marking Bits: (ParMarkBitMap*) 0x0000000107aefd20
 Begin Bits: [0x00000001182b8000, 0x000000011c2b8000)
 End Bits:   [0x000000011c2b8000, 0x00000001202b8000)

Polling page: 0x00000001060f3000

CodeCache: size=245760Kb used=8084Kb max_used=8088Kb free=237675Kb
 bounds [0x00000001081a1000, 0x0000000108991000, 0x00000001171a1000]
 total_blobs=3343 nmethods=2707 adapters=548
 compilation: enabled

Compilation events (10 events):
Event: 34.043 Thread 0x00007fa705002000 2702       1       sun.font.FontDesignMetrics$MetricsKey::hashCode (5 bytes)
Event: 34.043 Thread 0x00007fa705002000 nmethod 2702 0x0000000108988b10 code [0x0000000108988c60, 0x0000000108988d70]
Event: 34.043 Thread 0x00007fa705002000 2706       3       sun.java2d.pipe.Region::getIntersectionXYXY (108 bytes)
Event: 34.043 Thread 0x00007fa70580a800 nmethod 2704 0x000000010898ba50 code [0x000000010898bba0, 0x000000010898bc38]
Event: 34.043 Thread 0x00007fa705002000 nmethod 2706 0x000000010898aa10 code [0x000000010898ac20, 0x000000010898b658]
Event: 34.043 Thread 0x00007fa705002000 2705       3       java.awt.geom.AffineTransform::equals (92 bytes)
Event: 34.043 Thread 0x00007fa705002000 nmethod 2705 0x000000010898a190 code [0x000000010898a320, 0x000000010898a930]
Event: 34.044 Thread 0x00007fa705002000 2707       3       sun.awt.image.SurfaceManager::getImageScale (22 bytes)
Event: 34.044 Thread 0x00007fa705002000 nmethod 2707 0x0000000108989ad0 code [0x0000000108989c60, 0x000000010898a088]
Event: 34.045 Thread 0x00007fa705002000 2708       3       sun.java2d.SunGraphics2D::setColor (108 bytes)

GC Heap History (8 events):
Event: 3.595 GC heap before
{Heap before GC invocations=1 (full 0):
 PSYoungGen      total 76288K, used 53840K [0x000000076ab00000, 0x0000000770000000, 0x00000007c0000000)
  eden space 65536K, 82% used [0x000000076ab00000,0x000000076df94210,0x000000076eb00000)
  from space 10752K, 0% used [0x000000076f580000,0x000000076f580000,0x0000000770000000)
  to   space 10752K, 0% used [0x000000076eb00000,0x000000076eb00000,0x000000076f580000)
 ParOldGen       total 175104K, used 0K [0x00000006c0000000, 0x00000006cab00000, 0x000000076ab00000)
  object space 175104K, 0% used [0x00000006c0000000,0x00000006c0000000,0x00000006cab00000)
 Metaspace       used 20669K, capacity 21182K, committed 21296K, reserved 1067008K
  class space    used 2656K, capacity 2907K, committed 2944K, reserved 1048576K
Event: 3.603 GC heap after
Heap after GC invocations=1 (full 0):
 PSYoungGen      total 76288K, used 9540K [0x000000076ab00000, 0x0000000770000000, 0x00000007c0000000)
  eden space 65536K, 0% used [0x000000076ab00000,0x000000076ab00000,0x000000076eb00000)
  from space 10752K, 88% used [0x000000076eb00000,0x000000076f451380,0x000000076f580000)
  to   space 10752K, 0% used [0x000000076f580000,0x000000076f580000,0x0000000770000000)
 ParOldGen       total 175104K, used 88K [0x00000006c0000000, 0x00000006cab00000, 0x000000076ab00000)
  object space 175104K, 0% used [0x00000006c0000000,0x00000006c0016010,0x00000006cab00000)
 Metaspace       used 20669K, capacity 21182K, committed 21296K, reserved 1067008K
  class space    used 2656K, capacity 2907K, committed 2944K, reserved 1048576K
}
Event: 3.603 GC heap before
{Heap before GC invocations=2 (full 1):
 PSYoungGen      total 76288K, used 9540K [0x000000076ab00000, 0x0000000770000000, 0x00000007c0000000)
  eden space 65536K, 0% used [0x000000076ab00000,0x000000076ab00000,0x000000076eb00000)
  from space 10752K, 88% used [0x000000076eb00000,0x000000076f451380,0x000000076f580000)
  to   space 10752K, 0% used [0x000000076f580000,0x000000076f580000,0x0000000770000000)
 ParOldGen       total 175104K, used 88K [0x00000006c0000000, 0x00000006cab00000, 0x000000076ab00000)
  object space 175104K, 0% used [0x00000006c0000000,0x00000006c0016010,0x00000006cab00000)
 Metaspace       used 20669K, capacity 21182K, committed 21296K, reserved 1067008K
  class space    used 2656K, capacity 2907K, committed 2944K, reserved 1048576K
Event: 3.627 GC heap after
Heap after GC invocations=2 (full 1):
 PSYoungGen      total 76288K, used 0K [0x000000076ab00000, 0x0000000770000000, 0x00000007c0000000)
  eden space 65536K, 0% used [0x000000076ab00000,0x000000076ab00000,0x000000076eb00000)
  from space 10752K, 0% used [0x000000076eb00000,0x000000076eb00000,0x000000076f580000)
  to   space 10752K, 0% used [0x000000076f580000,0x000000076f580000,0x0000000770000000)
 ParOldGen       total 74752K, used 9096K [0x00000006c0000000, 0x00000006c4900000, 0x000000076ab00000)
  object space 74752K, 12% used [0x00000006c0000000,0x00000006c08e23f8,0x00000006c4900000)
 Metaspace       used 20669K, capacity 21182K, committed 21296K, reserved 1067008K
  class space    used 2656K, capacity 2907K, committed 2944K, reserved 1048576K
}
Event: 3.794 GC heap before
{Heap before GC invocations=3 (full 1):
 PSYoungGen      total 76288K, used 65536K [0x000000076ab00000, 0x0000000770000000, 0x00000007c0000000)
  eden space 65536K, 100% used [0x000000076ab00000,0x000000076eb00000,0x000000076eb00000)
  from space 10752K, 0% used [0x000000076eb00000,0x000000076eb00000,0x000000076f580000)
  to   space 10752K, 0% used [0x000000076f580000,0x000000076f580000,0x0000000770000000)
 ParOldGen       total 74752K, used 9096K [0x00000006c0000000, 0x00000006c4900000, 0x000000076ab00000)
  object space 74752K, 12% used [0x00000006c0000000,0x00000006c08e23f8,0x00000006c4900000)
 Metaspace       used 22594K, capacity 23166K, committed 23424K, reserved 1069056K
  class space    used 2893K, capacity 3163K, committed 3200K, reserved 1048576K
Event: 3.796 GC heap after
Heap after GC invocations=3 (full 1):
 PSYoungGen      total 76288K, used 512K [0x000000076ab00000, 0x0000000771a00000, 0x00000007c0000000)
  eden space 65536K, 0% used [0x000000076ab00000,0x000000076ab00000,0x000000076eb00000)
  from space 10752K, 4% used [0x000000076f580000,0x000000076f600030,0x0000000770000000)
  to   space 10752K, 0% used [0x000000076eb00000,0x000000076eb00000,0x000000076f580000)
 ParOldGen       total 74752K, used 9104K [0x00000006c0000000, 0x00000006c4900000, 0x000000076ab00000)
  object space 74752K, 12% used [0x00000006c0000000,0x00000006c08e43f8,0x00000006c4900000)
 Metaspace       used 22594K, capacity 23166K, committed 23424K, reserved 1069056K
  class space    used 2893K, capacity 3163K, committed 3200K, reserved 1048576K
}
Event: 3.857 GC heap before
{Heap before GC invocations=4 (full 1):
 PSYoungGen      total 76288K, used 66048K [0x000000076ab00000, 0x0000000771a00000, 0x00000007c0000000)
  eden space 65536K, 100% used [0x000000076ab00000,0x000000076eb00000,0x000000076eb00000)
  from space 10752K, 4% used [0x000000076f580000,0x000000076f600030,0x0000000770000000)
  to   space 10752K, 0% used [0x000000076eb00000,0x000000076eb00000,0x000000076f580000)
 ParOldGen       total 74752K, used 9104K [0x00000006c0000000, 0x00000006c4900000, 0x000000076ab00000)
  object space 74752K, 12% used [0x00000006c0000000,0x00000006c08e43f8,0x00000006c4900000)
 Metaspace       used 22764K, capacity 23300K, committed 23424K, reserved 1069056K
  class space    used 2900K, capacity 3164K, committed 3200K, reserved 1048576K
Event: 3.858 GC heap after
Heap after GC invocations=4 (full 1):
 PSYoungGen      total 76288K, used 646K [0x000000076ab00000, 0x0000000772500000, 0x00000007c0000000)
  eden space 65536K, 0% used [0x000000076ab00000,0x000000076ab00000,0x000000076eb00000)
  from space 10752K, 6% used [0x000000076eb00000,0x000000076eba1aa8,0x000000076f580000)
  to   space 10752K, 0% used [0x0000000771a80000,0x0000000771a80000,0x0000000772500000)
 ParOldGen       total 74752K, used 9112K [0x00000006c0000000, 0x00000006c4900000, 0x000000076ab00000)
  object space 74752K, 12% used [0x00000006c0000000,0x00000006c08e63f8,0x00000006c4900000)
 Metaspace       used 22764K, capacity 23300K, committed 23424K, reserved 1069056K
  class space    used 2900K, capacity 3164K, committed 3200K, reserved 1048576K
}

Deoptimization events (10 events):
Event: 19.879 Thread 0x00007fa7028b0800 Uncommon trap: reason=unstable_if action=reinterpret pc=0x00000001086a1678 method=java.util.regex.Pattern$Slice.match(Ljava/util/regex/Matcher;ILjava/lang/CharSequence;)Z @ 54
Event: 19.883 Thread 0x00007fa7028b0800 Uncommon trap: reason=unstable_if action=reinterpret pc=0x00000001087a630c method=com.sun.org.apache.xerces.internal.dom.ParentNode.getFirstChild()Lorg/w3c/dom/Node; @ 4
Event: 19.883 Thread 0x00007fa7028b0800 Uncommon trap: reason=unstable_if action=reinterpret pc=0x000000010874818c method=com.sun.org.apache.xerces.internal.dom.CharacterDataImpl.getNodeValue()Ljava/lang/String; @ 4
Event: 20.028 Thread 0x00007fa7028b0800 Uncommon trap: reason=unstable_if action=reinterpret pc=0x00000001085b1164 method=java.util.concurrent.ConcurrentHashMap.get(Ljava/lang/Object;)Ljava/lang/Object; @ 76
Event: 20.028 Thread 0x00007fa7028b0800 Uncommon trap: reason=unstable_if action=reinterpret pc=0x0000000108659270 method=java.util.concurrent.ConcurrentHashMap.putVal(Ljava/lang/Object;Ljava/lang/Object;Z)Ljava/lang/Object; @ 195
Event: 20.077 Thread 0x00007fa7028b0800 Uncommon trap: reason=unstable_if action=reinterpret pc=0x0000000108480c64 method=java.lang.CharacterDataLatin1.isWhitespace(I)Z @ 14
Event: 20.078 Thread 0x00007fa7028b0800 Uncommon trap: reason=unstable_if action=reinterpret pc=0x00000001085babe0 method=java.lang.CharacterDataLatin1.isWhitespace(I)Z @ 14
Event: 20.083 Thread 0x00007fa7028b0800 Uncommon trap: reason=unstable_if action=reinterpret pc=0x0000000108787214 method=com.sun.org.apache.xerces.internal.dom.ParentNode.hasChildNodes()Z @ 4
Event: 20.083 Thread 0x00007fa7028b0800 Uncommon trap: reason=unstable_if action=reinterpret pc=0x000000010878bfd0 method=com.sun.org.apache.xerces.internal.dom.ElementImpl.getAttributes()Lorg/w3c/dom/NamedNodeMap; @ 4
Event: 20.083 Thread 0x00007fa7028b0800 Uncommon trap: reason=unstable_if action=reinterpret pc=0x00000001087aa54c method=com.sun.org.apache.xerces.internal.dom.AttrImpl.getNodeName()Ljava/lang/String; @ 4

Internal exceptions (10 events):
Event: 0.124 Thread 0x00007fa704802800 Exception <a 'java/lang/NoSuchFieldError': method resolution failed> (0x000000076ae056f0) thrown at [/Users/java_re/workspace/8-2-build-macosx-x86_64/jdk8u102/7268/hotspot/src/share/vm/prims/methodHandles.cpp, line 1146]
Event: 0.126 Thread 0x00007fa704802800 Exception <a 'java/lang/NoSuchFieldError': method resolution failed> (0x000000076ae12ec0) thrown at [/Users/java_re/workspace/8-2-build-macosx-x86_64/jdk8u102/7268/hotspot/src/share/vm/prims/methodHandles.cpp, line 1146]
Event: 0.257 Thread 0x00007fa704802800 Exception <a 'java/io/FileNotFoundException'> (0x000000076ae8db20) thrown at [/Users/java_re/workspace/8-2-build-macosx-x86_64/jdk8u102/7268/hotspot/src/share/vm/prims/jni.cpp, line 709]
Event: 0.258 Thread 0x00007fa704802800 Exception <a 'java/io/FileNotFoundException'> (0x000000076ae8e680) thrown at [/Users/java_re/workspace/8-2-build-macosx-x86_64/jdk8u102/7268/hotspot/src/share/vm/prims/jni.cpp, line 709]
Event: 0.838 Thread 0x00007fa7030db800 Exception <a 'java/io/FileNotFoundException'> (0x000000076b406ee0) thrown at [/Users/java_re/workspace/8-2-build-macosx-x86_64/jdk8u102/7268/hotspot/src/share/vm/prims/jni.cpp, line 709]
Event: 0.838 Thread 0x00007fa7030db800 Exception <a 'java/io/FileNotFoundException'> (0x000000076b40eda0) thrown at [/Users/java_re/workspace/8-2-build-macosx-x86_64/jdk8u102/7268/hotspot/src/share/vm/prims/jni.cpp, line 709]
Event: 1.059 Thread 0x00007fa7048ef800 Exception <a 'java/lang/ArrayIndexOutOfBoundsException': 71> (0x000000076c53e8d8) thrown at [/Users/java_re/workspace/8-2-build-macosx-x86_64/jdk8u102/7268/hotspot/src/share/vm/interpreter/interpreterRuntime.cpp, line 366]
Event: 1.059 Thread 0x00007fa7048ef800 Exception <a 'java/lang/ArrayIndexOutOfBoundsException': 18> (0x000000076c53f650) thrown at [/Users/java_re/workspace/8-2-build-macosx-x86_64/jdk8u102/7268/hotspot/src/share/vm/interpreter/interpreterRuntime.cpp, line 366]
Event: 1.059 Thread 0x00007fa7048ef800 Exception <a 'java/lang/ArrayIndexOutOfBoundsException': 60> (0x000000076c5407f0) thrown at [/Users/java_re/workspace/8-2-build-macosx-x86_64/jdk8u102/7268/hotspot/src/share/vm/interpreter/interpreterRuntime.cpp, line 366]
Event: 3.631 Thread 0x00007fa705808800 Exception <a 'java/lang/NullPointerException'> (0x000000076ad67790) thrown at [/Users/java_re/workspace/8-2-build-macosx-x86_64/jdk8u102/7268/hotspot/src/share/vm/interpreter/linkResolver.cpp, line 1178]

Events (10 events):
Event: 34.035 Thread 0x00007fa704d51000 Thread exited: 0x00007fa704d51000
Event: 34.035 Thread 0x00007fa704d52000 Thread exited: 0x00007fa704d52000
Event: 34.036 Thread 0x00007fa70253d800 Thread exited: 0x00007fa70253d800
Event: 34.036 Thread 0x00007fa704d52800 Thread exited: 0x00007fa704d52800
Event: 34.036 Thread 0x00007fa704d53800 Thread exited: 0x00007fa704d53800
Event: 34.036 Thread 0x00007fa704d54000 Thread exited: 0x00007fa704d54000
Event: 34.036 Thread 0x00007fa704d6e000 Thread exited: 0x00007fa704d6e000
Event: 34.037 Thread 0x00007fa704d6f000 Thread exited: 0x00007fa704d6f000
Event: 34.037 Thread 0x00007fa7028b0800 Thread exited: 0x00007fa7028b0800
Event: 34.037 Thread 0x00007fa703408000 Thread exited: 0x00007fa703408000


Dynamic libraries:
0x00000000002ea000 	/System/Library/Frameworks/Cocoa.framework/Versions/A/Cocoa
0x00000000002ea000 	/System/Library/Frameworks/Security.framework/Versions/A/Security
0x00000000002ea000 	/System/Library/Frameworks/ApplicationServices.framework/Versions/A/ApplicationServices
0x00000000002ea000 	/usr/lib/libz.1.dylib
0x00000000002ea000 	/usr/lib/libSystem.B.dylib
0x00000000002ea000 	/usr/lib/libobjc.A.dylib
0x00000000002ea000 	/System/Library/Frameworks/CoreFoundation.framework/Versions/A/CoreFoundation
0x00000000002ea000 	/System/Library/Frameworks/Foundation.framework/Versions/C/Foundation
0x00000000002ea000 	/System/Library/Frameworks/AppKit.framework/Versions/C/AppKit
0x00000000002ea000 	/System/Library/Frameworks/CoreData.framework/Versions/A/CoreData
0x00000000002ea000 	/System/Library/PrivateFrameworks/RemoteViewServices.framework/Versions/A/RemoteViewServices
0x00000000002ea000 	/System/Library/PrivateFrameworks/UIFoundation.framework/Versions/A/UIFoundation
0x00000000002ea000 	/usr/lib/libScreenReader.dylib
0x00000000002ea000 	/System/Library/Frameworks/Accelerate.framework/Versions/A/Accelerate
0x00000000002ea000 	/System/Library/Frameworks/IOSurface.framework/Versions/A/IOSurface
0x00000000002ea000 	/System/Library/Frameworks/AudioToolbox.framework/Versions/A/AudioToolbox
0x00000000002ea000 	/System/Library/Frameworks/AudioUnit.framework/Versions/A/AudioUnit
0x00000000002ea000 	/System/Library/PrivateFrameworks/DataDetectorsCore.framework/Versions/A/DataDetectorsCore
0x00000000002ea000 	/System/Library/PrivateFrameworks/DesktopServicesPriv.framework/Versions/A/DesktopServicesPriv
0x00000000002ea000 	/System/Library/Frameworks/Carbon.framework/Versions/A/Frameworks/HIToolbox.framework/Versions/A/HIToolbox
0x00000000002ea000 	/System/Library/Frameworks/QuartzCore.framework/Versions/A/QuartzCore
0x00000000002ea000 	/System/Library/Frameworks/Carbon.framework/Versions/A/Frameworks/SpeechRecognition.framework/Versions/A/SpeechRecognition
0x00000000002ea000 	/usr/lib/libauto.dylib
0x00000000002ea000 	/usr/lib/libicucore.A.dylib
0x00000000002ea000 	/usr/lib/libxml2.2.dylib
0x00000000002ea000 	/System/Library/PrivateFrameworks/CoreUI.framework/Versions/A/CoreUI
0x00000000002ea000 	/System/Library/Frameworks/CoreAudio.framework/Versions/A/CoreAudio
0x00000000002ea000 	/System/Library/Frameworks/DiskArbitration.framework/Versions/A/DiskArbitration
0x00000000002ea000 	/usr/lib/liblangid.dylib
0x00000000002ea000 	/System/Library/PrivateFrameworks/MultitouchSupport.framework/Versions/A/MultitouchSupport
0x00000000002ea000 	/System/Library/Frameworks/IOKit.framework/Versions/A/IOKit
0x00000000002ea000 	/usr/lib/libDiagnosticMessagesClient.dylib
0x00000000002ea000 	/System/Library/Frameworks/CoreServices.framework/Versions/A/CoreServices
0x00000000002ea000 	/System/Library/PrivateFrameworks/PerformanceAnalysis.framework/Versions/A/PerformanceAnalysis
0x00000000002ea000 	/System/Library/PrivateFrameworks/GenerationalStorage.framework/Versions/A/GenerationalStorage
0x00000000002ea000 	/System/Library/Frameworks/OpenGL.framework/Versions/A/OpenGL
0x00000000002ea000 	/System/Library/PrivateFrameworks/Sharing.framework/Versions/A/Sharing
0x00000000002ea000 	/System/Library/Frameworks/CoreGraphics.framework/Versions/A/CoreGraphics
0x00000000002ea000 	/System/Library/Frameworks/CoreImage.framework/Versions/A/CoreImage
0x00000000002ea000 	/System/Library/Frameworks/CoreText.framework/Versions/A/CoreText
0x00000000002ea000 	/System/Library/Frameworks/ImageIO.framework/Versions/A/ImageIO
0x00000000002ea000 	/System/Library/PrivateFrameworks/Backup.framework/Versions/A/Backup
0x00000000002ea000 	/usr/lib/libextension.dylib
0x00000000002ea000 	/usr/lib/libarchive.2.dylib
0x00000000002ea000 	/System/Library/Frameworks/CFNetwork.framework/Versions/A/CFNetwork
0x00000000002ea000 	/System/Library/Frameworks/SystemConfiguration.framework/Versions/A/SystemConfiguration
0x00000000002ea000 	/usr/lib/libCRFSuite.dylib
0x00000000002ea000 	/usr/lib/libc++.1.dylib
0x00000000002ea000 	/usr/lib/libc++abi.dylib
0x00000000002ea000 	/usr/lib/system/libcache.dylib
0x00000000002ea000 	/usr/lib/system/libcommonCrypto.dylib
0x00000000002ea000 	/usr/lib/system/libcompiler_rt.dylib
0x00000000002ea000 	/usr/lib/system/libcopyfile.dylib
0x00000000002ea000 	/usr/lib/system/libcorecrypto.dylib
0x00000000002ea000 	/usr/lib/system/libdispatch.dylib
0x00000000002ea000 	/usr/lib/system/libdyld.dylib
0x00000000002ea000 	/usr/lib/system/libkeymgr.dylib
0x00000000002ea000 	/usr/lib/system/liblaunch.dylib
0x00000000002ea000 	/usr/lib/system/libmacho.dylib
0x00000000002ea000 	/usr/lib/system/libquarantine.dylib
0x00000000002ea000 	/usr/lib/system/libremovefile.dylib
0x00000000002ea000 	/usr/lib/system/libsystem_asl.dylib
0x00000000002ea000 	/usr/lib/system/libsystem_blocks.dylib
0x00000000002ea000 	/usr/lib/system/libsystem_c.dylib
0x00000000002ea000 	/usr/lib/system/libsystem_configuration.dylib
0x00000000002ea000 	/usr/lib/system/libsystem_coreservices.dylib
0x00000000002ea000 	/usr/lib/system/libsystem_coretls.dylib
0x00000000002ea000 	/usr/lib/system/libsystem_dnssd.dylib
0x00000000002ea000 	/usr/lib/system/libsystem_info.dylib
0x00000000002ea000 	/usr/lib/system/libsystem_kernel.dylib
0x00000000002ea000 	/usr/lib/system/libsystem_m.dylib
0x00000000002ea000 	/usr/lib/system/libsystem_malloc.dylib
0x00000000002ea000 	/usr/lib/system/libsystem_network.dylib
0x00000000002ea000 	/usr/lib/system/libsystem_networkextension.dylib
0x00000000002ea000 	/usr/lib/system/libsystem_notify.dylib
0x00000000002ea000 	/usr/lib/system/libsystem_platform.dylib
0x00000000002ea000 	/usr/lib/system/libsystem_pthread.dylib
0x00000000002ea000 	/usr/lib/system/libsystem_sandbox.dylib
0x00000000002ea000 	/usr/lib/system/libsystem_secinit.dylib
0x00000000002ea000 	/usr/lib/system/libsystem_trace.dylib
0x00000000002ea000 	/usr/lib/system/libunc.dylib
0x00000000002ea000 	/usr/lib/system/libunwind.dylib
0x00000000002ea000 	/usr/lib/system/libxpc.dylib
0x00000000002ea000 	/usr/lib/libenergytrace.dylib
0x00000000002ea000 	/usr/lib/libbsm.0.dylib
0x00000000002ea000 	/usr/lib/system/libkxld.dylib
0x00000000002ea000 	/usr/lib/libxar.1.dylib
0x00000000002ea000 	/usr/lib/libsqlite3.dylib
0x00000000002ea000 	/usr/lib/libpam.2.dylib
0x00000000002ea000 	/usr/lib/libOpenScriptingUtil.dylib
0x00000000002ea000 	/usr/lib/libbz2.1.0.dylib
0x00000000002ea000 	/usr/lib/liblzma.5.dylib
0x00000000002ea000 	/System/Library/Frameworks/CoreServices.framework/Versions/A/Frameworks/FSEvents.framework/Versions/A/FSEvents
0x00000000002ea000 	/System/Library/Frameworks/CoreServices.framework/Versions/A/Frameworks/CarbonCore.framework/Versions/A/CarbonCore
0x00000000002ea000 	/System/Library/Frameworks/CoreServices.framework/Versions/A/Frameworks/Metadata.framework/Versions/A/Metadata
0x00000000002ea000 	/System/Library/Frameworks/CoreServices.framework/Versions/A/Frameworks/OSServices.framework/Versions/A/OSServices
0x00000000002ea000 	/System/Library/Frameworks/CoreServices.framework/Versions/A/Frameworks/SearchKit.framework/Versions/A/SearchKit
0x00000000002ea000 	/System/Library/Frameworks/CoreServices.framework/Versions/A/Frameworks/AE.framework/Versions/A/AE
0x00000000002ea000 	/System/Library/Frameworks/CoreServices.framework/Versions/A/Frameworks/LaunchServices.framework/Versions/A/LaunchServices
0x00000000002ea000 	/System/Library/Frameworks/CoreServices.framework/Versions/A/Frameworks/DictionaryServices.framework/Versions/A/DictionaryServices
0x00000000002ea000 	/System/Library/Frameworks/CoreServices.framework/Versions/A/Frameworks/SharedFileList.framework/Versions/A/SharedFileList
0x00000000002ea000 	/System/Library/Frameworks/NetFS.framework/Versions/A/NetFS
0x00000000002ea000 	/System/Library/PrivateFrameworks/NetAuth.framework/Versions/A/NetAuth
0x00000000002ea000 	/System/Library/PrivateFrameworks/login.framework/Versions/A/Frameworks/loginsupport.framework/Versions/A/loginsupport
0x00000000002ea000 	/System/Library/PrivateFrameworks/TCC.framework/Versions/A/TCC
0x00000000002ea000 	/usr/lib/libmecabra.dylib
0x00000000002ea000 	/System/Library/Frameworks/ApplicationServices.framework/Versions/A/Frameworks/ATS.framework/Versions/A/ATS
0x00000000002ea000 	/System/Library/Frameworks/ApplicationServices.framework/Versions/A/Frameworks/ColorSync.framework/Versions/A/ColorSync
0x00000000002ea000 	/System/Library/Frameworks/ApplicationServices.framework/Versions/A/Frameworks/HIServices.framework/Versions/A/HIServices
0x00000000002ea000 	/System/Library/Frameworks/ApplicationServices.framework/Versions/A/Frameworks/LangAnalysis.framework/Versions/A/LangAnalysis
0x00000000002ea000 	/System/Library/Frameworks/ApplicationServices.framework/Versions/A/Frameworks/PrintCore.framework/Versions/A/PrintCore
0x00000000002ea000 	/System/Library/Frameworks/ApplicationServices.framework/Versions/A/Frameworks/QD.framework/Versions/A/QD
0x00000000002ea000 	/System/Library/Frameworks/ApplicationServices.framework/Versions/A/Frameworks/SpeechSynthesis.framework/Versions/A/SpeechSynthesis
0x00000000002ea000 	/System/Library/Frameworks/Metal.framework/Versions/A/Metal
0x00000000002ea000 	/System/Library/Frameworks/Accelerate.framework/Versions/A/Frameworks/vImage.framework/Versions/A/vImage
0x00000000002ea000 	/System/Library/Frameworks/Accelerate.framework/Versions/A/Frameworks/vecLib.framework/Versions/A/vecLib
0x00000000002ea000 	/System/Library/Frameworks/Accelerate.framework/Versions/A/Frameworks/vecLib.framework/Versions/A/libvDSP.dylib
0x00000000002ea000 	/System/Library/Frameworks/Accelerate.framework/Versions/A/Frameworks/vecLib.framework/Versions/A/libvMisc.dylib
0x00000000002ea000 	/System/Library/Frameworks/Accelerate.framework/Versions/A/Frameworks/vecLib.framework/Versions/A/libLAPACK.dylib
0x00000000002ea000 	/System/Library/Frameworks/Accelerate.framework/Versions/A/Frameworks/vecLib.framework/Versions/A/libBLAS.dylib
0x00000000002ea000 	/System/Library/Frameworks/Accelerate.framework/Versions/A/Frameworks/vecLib.framework/Versions/A/libLinearAlgebra.dylib
0x00000000002ea000 	/System/Library/Frameworks/Accelerate.framework/Versions/A/Frameworks/vecLib.framework/Versions/A/libSparseBLAS.dylib
0x00000000002ea000 	/System/Library/PrivateFrameworks/GPUCompiler.framework/libmetal_timestamp.dylib
0x00000000002ea000 	/System/Library/Frameworks/OpenGL.framework/Versions/A/Libraries/libCoreFSCache.dylib
0x00000000002ea000 	/System/Library/PrivateFrameworks/IOAccelerator.framework/Versions/A/IOAccelerator
0x00000000002ea000 	/System/Library/Frameworks/ApplicationServices.framework/Versions/A/Frameworks/ATS.framework/Versions/A/Resources/libFontParser.dylib
0x00000000002ea000 	/System/Library/Frameworks/ApplicationServices.framework/Versions/A/Frameworks/ATS.framework/Versions/A/Resources/libFontRegistry.dylib
0x00000000002ea000 	/System/Library/PrivateFrameworks/AppleVPA.framework/Versions/A/AppleVPA
0x00000000002ea000 	/System/Library/PrivateFrameworks/AppleJPEG.framework/Versions/A/AppleJPEG
0x00000000002ea000 	/System/Library/Frameworks/ImageIO.framework/Versions/A/Resources/libJPEG.dylib
0x00000000002ea000 	/System/Library/Frameworks/ImageIO.framework/Versions/A/Resources/libTIFF.dylib
0x00000000002ea000 	/System/Library/Frameworks/ImageIO.framework/Versions/A/Resources/libPng.dylib
0x00000000002ea000 	/System/Library/Frameworks/ImageIO.framework/Versions/A/Resources/libGIF.dylib
0x00000000002ea000 	/System/Library/Frameworks/ImageIO.framework/Versions/A/Resources/libJP2.dylib
0x00000000002ea000 	/System/Library/Frameworks/ImageIO.framework/Versions/A/Resources/libRadiance.dylib
0x00000000002ea000 	/System/Library/Frameworks/CoreVideo.framework/Versions/A/CoreVideo
0x00000000002ea000 	/System/Library/Frameworks/OpenGL.framework/Versions/A/Libraries/libGLU.dylib
0x00000000002ea000 	/System/Library/Frameworks/OpenGL.framework/Versions/A/Libraries/libGFXShared.dylib
0x00000000002ea000 	/System/Library/Frameworks/OpenGL.framework/Versions/A/Libraries/libGL.dylib
0x00000000002ea000 	/System/Library/Frameworks/OpenGL.framework/Versions/A/Libraries/libGLImage.dylib
0x00000000002ea000 	/System/Library/Frameworks/OpenGL.framework/Versions/A/Libraries/libCVMSPluginSupport.dylib
0x00000000002ea000 	/System/Library/Frameworks/OpenGL.framework/Versions/A/Libraries/libCoreVMClient.dylib
0x00000000002ea000 	/usr/lib/libcompression.dylib
0x00000000002ea000 	/usr/lib/libcups.2.dylib
0x00000000002ea000 	/System/Library/Frameworks/Kerberos.framework/Versions/A/Kerberos
0x00000000002ea000 	/System/Library/Frameworks/GSS.framework/Versions/A/GSS
0x00000000002ea000 	/usr/lib/libresolv.9.dylib
0x00000000002ea000 	/usr/lib/libiconv.2.dylib
0x00000000002ea000 	/System/Library/PrivateFrameworks/Heimdal.framework/Versions/A/Heimdal
0x00000000002ea000 	/usr/lib/libheimdal-asn1.dylib
0x00000000002ea000 	/System/Library/Frameworks/OpenDirectory.framework/Versions/A/OpenDirectory
0x00000000002ea000 	/System/Library/PrivateFrameworks/CommonAuth.framework/Versions/A/CommonAuth
0x00000000002ea000 	/System/Library/Frameworks/OpenDirectory.framework/Versions/A/Frameworks/CFOpenDirectory.framework/Versions/A/CFOpenDirectory
0x00000000002ea000 	/System/Library/Frameworks/SecurityFoundation.framework/Versions/A/SecurityFoundation
0x00000000002ea000 	/System/Library/PrivateFrameworks/LanguageModeling.framework/Versions/A/LanguageModeling
0x00000000002ea000 	/usr/lib/libmarisa.dylib
0x00000000002ea000 	/usr/lib/libChineseTokenizer.dylib
0x00000000002ea000 	/usr/lib/libcmph.dylib
0x00000000002ea000 	/System/Library/Frameworks/ServiceManagement.framework/Versions/A/ServiceManagement
0x00000000002ea000 	/usr/lib/libxslt.1.dylib
0x00000000002ea000 	/System/Library/Frameworks/Carbon.framework/Versions/A/Frameworks/Ink.framework/Versions/A/Ink
0x00000000002ea000 	/usr/lib/libFosl_dynamic.dylib
0x00000000002ea000 	/System/Library/PrivateFrameworks/FaceCore.framework/Versions/A/FaceCore
0x00000000002ea000 	/System/Library/Frameworks/OpenCL.framework/Versions/A/OpenCL
0x00000000002ea000 	/System/Library/PrivateFrameworks/CrashReporterSupport.framework/Versions/A/CrashReporterSupport
0x00000000002ea000 	/System/Library/PrivateFrameworks/IconServices.framework/Versions/A/IconServices
0x00000000002ea000 	/System/Library/PrivateFrameworks/Apple80211.framework/Versions/A/Apple80211
0x00000000002ea000 	/System/Library/Frameworks/CoreWLAN.framework/Versions/A/CoreWLAN
0x00000000002ea000 	/System/Library/Frameworks/IOBluetooth.framework/Versions/A/IOBluetooth
0x00000000002ea000 	/System/Library/PrivateFrameworks/CoreWiFi.framework/Versions/A/CoreWiFi
0x00000000002ea000 	/System/Library/Frameworks/CoreBluetooth.framework/Versions/A/CoreBluetooth
0x00000000002ea000 	/System/Library/PrivateFrameworks/ChunkingLibrary.framework/Versions/A/ChunkingLibrary
0x00000000002ea000 	/System/Library/PrivateFrameworks/DebugSymbols.framework/Versions/A/DebugSymbols
0x00000000002ea000 	/System/Library/PrivateFrameworks/CoreSymbolication.framework/Versions/A/CoreSymbolication
0x00000000002ea000 	/System/Library/PrivateFrameworks/Symbolication.framework/Versions/A/Symbolication
0x00000000002ea000 	/System/Library/PrivateFrameworks/SpeechRecognitionCore.framework/Versions/A/SpeechRecognitionCore
0x0000000107200000 	/Library/Java/JavaVirtualMachines/jdk1.8.0_102.jdk/Contents/Home/jre/lib/server/libjvm.dylib
0x00000000002ea000 	/usr/lib/libstdc++.6.dylib
0x00000001060b0000 	/Library/Java/JavaVirtualMachines/jdk1.8.0_102.jdk/Contents/Home/jre/lib/libverify.dylib
0x00000001060be000 	/Library/Java/JavaVirtualMachines/jdk1.8.0_102.jdk/Contents/Home/jre/lib/libjava.dylib
0x00000001060fd000 	/Library/Java/JavaVirtualMachines/jdk1.8.0_102.jdk/Contents/Home/jre/lib/libzip.dylib
0x0000000123164000 	/System/Library/Frameworks/JavaVM.framework/Frameworks/JavaRuntimeSupport.framework/JavaRuntimeSupport
0x000000012317f000 	/System/Library/Frameworks/JavaVM.framework/Versions/A/Frameworks/JavaNativeFoundation.framework/Versions/A/JavaNativeFoundation
0x0000000123194000 	/System/Library/Frameworks/JavaVM.framework/Versions/A/JavaVM
0x00000000002ea000 	/System/Library/Frameworks/Carbon.framework/Versions/A/Carbon
0x00000001231a1000 	/System/Library/PrivateFrameworks/JavaLaunching.framework/Versions/A/JavaLaunching
0x00000000002ea000 	/System/Library/Frameworks/Carbon.framework/Versions/A/Frameworks/CommonPanels.framework/Versions/A/CommonPanels
0x00000000002ea000 	/System/Library/Frameworks/Carbon.framework/Versions/A/Frameworks/Help.framework/Versions/A/Help
0x00000000002ea000 	/System/Library/Frameworks/Carbon.framework/Versions/A/Frameworks/ImageCapture.framework/Versions/A/ImageCapture
0x00000000002ea000 	/System/Library/Frameworks/Carbon.framework/Versions/A/Frameworks/OpenScripting.framework/Versions/A/OpenScripting
0x00000000002ea000 	/System/Library/Frameworks/Carbon.framework/Versions/A/Frameworks/Print.framework/Versions/A/Print
0x00000000002ea000 	/System/Library/Frameworks/Carbon.framework/Versions/A/Frameworks/SecurityHI.framework/Versions/A/SecurityHI
0x0000000124afb000 	/Library/Java/JavaVirtualMachines/jdk1.8.0_102.jdk/Contents/Home/jre/lib/libawt.dylib
0x0000000124ba3000 	/Library/Java/JavaVirtualMachines/jdk1.8.0_102.jdk/Contents/Home/jre/lib/./libmlib_image.dylib
0x0000000124c6f000 	/Library/Java/JavaVirtualMachines/jdk1.8.0_102.jdk/Contents/Home/jre/lib/libawt_lwawt.dylib
0x0000000124d24000 	/Library/Java/JavaVirtualMachines/jdk1.8.0_102.jdk/Contents/Home/jre/lib/./libosxapp.dylib
0x00000000002ea000 	/System/Library/Frameworks/ExceptionHandling.framework/Versions/A/ExceptionHandling
0x00000000002ea000 	/System/Library/PrivateFrameworks/CoreServicesInternal.framework/Versions/A/CoreServicesInternal
0x00000000002ea000 	/System/Library/Frameworks/CoreGraphics.framework/Versions/A/Resources/libRIP.A.dylib
0x00000000002ea000 	/System/Library/Frameworks/Accelerate.framework/Versions/A/Frameworks/vImage.framework/Versions/A/Libraries/libCGInterfaces.dylib
0x00000000002ea000 	/System/Library/Frameworks/CoreGraphics.framework/Versions/A/Resources/libCGXType.A.dylib
0x00000000002ea000 	/System/Library/Frameworks/OpenCL.framework/Versions/A/Libraries/libcldcpuengine.dylib
0x00000000002ea000 	/System/Library/PrivateFrameworks/DiskImages.framework/Versions/A/DiskImages
0x00000000002ea000 	/System/Library/Frameworks/DiscRecording.framework/Versions/A/DiscRecording
0x00000000002ea000 	/usr/lib/libcsfde.dylib
0x00000000002ea000 	/usr/lib/libcurl.4.dylib
0x00000000002ea000 	/System/Library/PrivateFrameworks/MediaKit.framework/Versions/A/MediaKit
0x00000000002ea000 	/System/Library/PrivateFrameworks/ProtectedCloudStorage.framework/Versions/A/ProtectedCloudStorage
0x00000000002ea000 	/usr/lib/libCoreStorage.dylib
0x00000000002ea000 	/System/Library/PrivateFrameworks/EFILogin.framework/Versions/A/EFILogin
0x00000000002ea000 	/usr/lib/libutil.dylib
0x00000000002ea000 	/System/Library/PrivateFrameworks/FindMyDevice.framework/Versions/A/FindMyDevice
0x00000000002ea000 	/System/Library/Frameworks/LDAP.framework/Versions/A/LDAP
0x00000000002ea000 	/usr/lib/libsasl2.2.dylib
0x00000000002ea000 	/System/Library/PrivateFrameworks/CoreDaemon.framework/Versions/B/CoreDaemon
0x00000000002ea000 	/usr/lib/libcrypto.0.9.8.dylib
0x00000000002ea000 	/System/Library/PrivateFrameworks/AppleSRP.framework/Versions/A/AppleSRP
0x00000000002ea000 	/System/Library/PrivateFrameworks/TrustEvaluationAgent.framework/Versions/A/TrustEvaluationAgent
0x0000000126603000 	cl_kernels
0x00000000002ea000 	/System/Library/Frameworks/OpenCL.framework/Versions/A/Libraries/ImageFormats/unorm8_bgra.dylib
0x00000000002ea000 	/System/Library/Frameworks/OpenCL.framework/Versions/A/Libraries/ImageFormats/unorm8_rgba.dylib
0x00000000002ea000 	/System/Library/PrivateFrameworks/FamilyControls.framework/Versions/A/FamilyControls
0x00000000002ea000 	/System/Library/PrivateFrameworks/CommerceKit.framework/Versions/A/Frameworks/CommerceCore.framework/Versions/A/CommerceCore
0x00000000002ea000 	/System/Library/PrivateFrameworks/SystemAdministration.framework/Versions/A/SystemAdministration
0x00000000002ea000 	/System/Library/PrivateFrameworks/AppContainer.framework/Versions/A/AppContainer
0x00000000002ea000 	/System/Library/PrivateFrameworks/SecCodeWrapper.framework/Versions/A/SecCodeWrapper
0x00000000002ea000 	/System/Library/Frameworks/DirectoryService.framework/Versions/A/DirectoryService
0x00000000002ea000 	/System/Library/PrivateFrameworks/LoginUIKit.framework/Versions/A/Frameworks/LoginUICore.framework/Versions/A/LoginUICore
0x00000000002ea000 	/usr/lib/libodfde.dylib
0x0000000126750000 	/Library/Java/JavaVirtualMachines/jdk1.8.0_102.jdk/Contents/Home/jre/lib/libfontmanager.dylib
0x00000000002ea000 	/System/Library/Frameworks/OpenGL.framework/Versions/A/Resources/GLEngine.bundle/GLEngine
0x00000000002ea000 	/System/Library/Frameworks/OpenGL.framework/Versions/A/Libraries/libGLProgrammability.dylib
0x00000001267b7000 	/System/Library/Extensions/AppleIntelHD5000GraphicsGLDriver.bundle/Contents/MacOS/AppleIntelHD5000GraphicsGLDriver
0x00000000002ea000 	/System/Library/PrivateFrameworks/GPUSupport.framework/Versions/A/Libraries/libGPUSupportMercury.dylib
0x00000000002ea000 	/System/Library/Extensions/GeForceGLDriver.bundle/Contents/MacOS/GeForceGLDriver
0x00000000002ea000 	/System/Library/Extensions/GeForceGLDriver.bundle/Contents/MacOS/libclh.dylib
0x00000000002ea000 	/System/Library/Frameworks/OpenGL.framework/Versions/A/Resources/GLRendererFloat.bundle/GLRendererFloat
0x0000000129d9b000 	/Library/Java/JavaVirtualMachines/jdk1.8.0_102.jdk/Contents/Home/jre/lib/libosxui.dylib
0x000000012a92e000 	/Library/Java/JavaVirtualMachines/jdk1.8.0_102.jdk/Contents/Home/jre/lib/libmanagement.dylib
0x000000012ac73000 	/Library/Java/JavaVirtualMachines/jdk1.8.0_102.jdk/Contents/Home/jre/lib/libnet.dylib
0x000000012af13000 	/Library/Java/JavaVirtualMachines/jdk1.8.0_102.jdk/Contents/Home/jre/lib/libnio.dylib
0x000000012b323000 	/Library/Java/JavaVirtualMachines/jdk1.8.0_102.jdk/Contents/Home/jre/lib/libAppleScriptEngine.dylib
0x000000012b38a000 	/System/Library/Components/AppleScript.component/Contents/MacOS/AppleScript
0x000000012b3b0000 	/System/Library/PrivateFrameworks/AppleScript.framework/Versions/A/AppleScript
0x00000000002ea000 	/System/Library/Frameworks/AppleScriptObjC.framework/Versions/A/AppleScriptObjC
0x00000000002ea000 	/usr/lib/libffi.dylib
0x0000000130040000 	/System/Library/Extensions/GeForceMTLDriver.bundle/Contents/MacOS/GeForceMTLDriver
0x0000000130170000 	/System/Library/Extensions/AppleIntelHD5000GraphicsMTLDriver.bundle/Contents/MacOS/AppleIntelHD5000GraphicsMTLDriver
0x00000000002ea000 	/System/Library/Frameworks/ApplicationServices.framework/Versions/A/Frameworks/ATS.framework/Versions/A/Resources/libTrueTypeScaler.dylib

VM Arguments:
jvm_args: -Dfile.encoding=UTF-8 
java_command: com.commander4j.mw.StartGUI
java_class_path (initial): /Users/dave/Commander4j/workspace.osx/b4Middleware/bin:/Users/dave/Commander4j/workspace.osx/b4Middleware/lib/junit-4.11.jar:/Users/dave/Commander4j/workspace.osx/b4Middleware/lib/poi-3.14-20160307.jar:/Users/dave/Commander4j/workspace.osx/b4Middleware/lib/poi-ooxml-3.14-20160307.jar:/Users/dave/Commander4j/workspace.osx/b4Middleware/lib/poi-ooxml-schemas-3.14-20160307.jar:/Users/dave/Commander4j/workspace.osx/b4Middleware/lib/opencsv-3.8.jar:/Users/dave/Commander4j/workspace.osx/b4Middleware/lib/saxon9.jar:/Users/dave/Commander4j/workspace.osx/b4Middleware/lib/saxon9-dom.jar:/Users/dave/Commander4j/workspace.osx/b4Middleware/lib/commons-codec-1.10.jar:/Users/dave/Commander4j/workspace.osx/b4Middleware/lib/commons-io-2.5.jar:/Users/dave/Commander4j/workspace.osx/b4Middleware/lib/commons-logging-1.2.jar:/Users/dave/Commander4j/workspace.osx/b4Middleware/lib/log4j-api-2.6.2.jar:/Users/dave/Commander4j/workspace.osx/b4Middleware/lib/log4j-core-2.6.2.jar
Launcher Type: SUN_STANDARD

Environment Variables:
PATH=/usr/bin:/bin:/usr/sbin:/sbin
SHELL=/bin/bash
DISPLAY=/private/tmp/com.apple.launchd.g2s9ogRb28/org.macosforge.xquartz:0

Signal Handlers:
SIGSEGV: [libjvm.dylib+0x5b0579], sa_mask[0]=11111111011111110111111111111111, sa_flags=SA_ONSTACK|SA_RESTART|SA_SIGINFO
SIGBUS: [libjvm.dylib+0x5b0579], sa_mask[0]=11111111011111110111111111111111, sa_flags=SA_RESTART|SA_SIGINFO
SIGFPE: [libjvm.dylib+0x4874e4], sa_mask[0]=11111111011111110111111111111111, sa_flags=SA_RESTART|SA_SIGINFO
SIGPIPE: [libjvm.dylib+0x4874e4], sa_mask[0]=11111111011111110111111111111111, sa_flags=SA_RESTART|SA_SIGINFO
SIGXFSZ: [libjvm.dylib+0x4874e4], sa_mask[0]=11111111011111110111111111111111, sa_flags=SA_RESTART|SA_SIGINFO
SIGILL: [libjvm.dylib+0x4874e4], sa_mask[0]=11111111011111110111111111111111, sa_flags=SA_RESTART|SA_SIGINFO
SIGUSR1: SIG_DFL, sa_mask[0]=00000000000000000000000000000000, sa_flags=none
SIGUSR2: [libjvm.dylib+0x487002], sa_mask[0]=00100000000000000000000000000000, sa_flags=SA_RESTART|SA_SIGINFO
SIGHUP: [libjvm.dylib+0x4855d9], sa_mask[0]=11111111011111110111111111111111, sa_flags=SA_RESTART|SA_SIGINFO
SIGINT: [libjvm.dylib+0x4855d9], sa_mask[0]=11111111011111110111111111111111, sa_flags=SA_RESTART|SA_SIGINFO
SIGTERM: [libjvm.dylib+0x4855d9], sa_mask[0]=11111111011111110111111111111111, sa_flags=SA_RESTART|SA_SIGINFO
SIGQUIT: [libjvm.dylib+0x4855d9], sa_mask[0]=11111111011111110111111111111111, sa_flags=SA_RESTART|SA_SIGINFO


---------------  S Y S T E M  ---------------

OS:Bsduname:Darwin 15.6.0 Darwin Kernel Version 15.6.0: Mon Aug 29 20:21:34 PDT 2016; root:xnu-3248.60.11~1/RELEASE_X86_64 x86_64
rlimit: STACK 8192k, CORE 0k, NPROC 709, NOFILE 10240, AS infinity
load average:1.46 1.63 1.80

CPU:total 8 (4 cores per cpu, 2 threads per core) family 6 model 70 stepping 1, cmov, cx8, fxsr, mmx, sse, sse2, sse3, ssse3, sse4.1, sse4.2, popcnt, avx, avx2, aes, clmul, erms, rtm, lzcnt, ht, tsc, tscinvbit, bmi1, bmi2

Memory: 4k page, physical 16777216k(1902524k free)

/proc/meminfo:


vm_info: Java HotSpot(TM) 64-Bit Server VM (25.102-b14) for bsd-amd64 JRE (1.8.0_102-b14), built on Jun 22 2016 11:42:36 by "java_re" with gcc 4.2.1 (Based on Apple Inc. build 5658) (LLVM build 2336.11.00)

time: Fri Oct  7 09:23:08 2016
elapsed time: 34 seconds (0d 0h 0m 34s)

