2020-11-22 20:34:02,870 - 
2020-11-22 20:34:02,873 - Starting
2020-11-22 20:34:02,874 - File :/Users/dave/Commander4j/workspace.development/sftpSend/./send/file1.dat
2020-11-22 20:34:02,874 - Size :5985 bytes.
2020-11-22 20:34:03,134 - .
2020-11-22 20:34:03,134 - Finished.
2020-11-22 20:34:03,222 - Transfer completed.
2020-11-22 20:34:03,223 - 
2020-11-22 20:36:05,801 - 
2020-11-22 20:36:05,804 - Starting
2020-11-22 20:36:05,804 - File :/Users/dave/Commander4j/workspace.development/sftpSend/./send/file2.dat
2020-11-22 20:36:05,804 - Size :5985 bytes.
2020-11-22 20:36:05,826 - 100%
2020-11-22 20:36:05,869 - .
2020-11-22 20:36:05,869 - Finished.
2020-11-22 20:36:05,947 - Transfer completed.
2020-11-22 20:36:05,947 - 
2020-11-22 20:36:07,329 - 
2020-11-22 20:36:07,329 - Starting
2020-11-22 20:36:07,329 - File :/Users/dave/Commander4j/workspace.development/sftpSend/./send/file3.dat
2020-11-22 20:36:07,330 - Size :5985 bytes.
2020-11-22 20:36:07,351 - 100%
2020-11-22 20:36:07,393 - .
2020-11-22 20:36:07,393 - Finished.
2020-11-22 20:36:07,450 - Transfer completed.
2020-11-22 20:36:07,450 - 
2020-11-22 20:36:09,382 - 
2020-11-22 20:36:09,382 - Starting
2020-11-22 20:36:09,382 - File :/Users/dave/Commander4j/workspace.development/sftpSend/./send/file1.dat
2020-11-22 20:36:09,383 - Size :5985 bytes.
2020-11-22 20:36:09,402 - 100%
2020-11-22 20:36:09,445 - .
2020-11-22 20:36:09,445 - Finished.
2020-11-22 20:36:09,503 - Transfer completed.
2020-11-22 20:36:09,503 - 
2020-11-22 21:00:24,397 - 
2020-11-22 21:00:24,400 - Starting
2020-11-22 21:00:24,400 - File :/Users/dave/Commander4j/workspace.development/sftpSend/./send/file3.xml
2020-11-22 21:00:24,400 - Size :87314 bytes.
2020-11-22 21:00:24,426 - 37%
2020-11-22 21:00:24,429 - 74%
2020-11-22 21:00:24,431 - 100%
2020-11-22 21:00:24,546 - Finished.
2020-11-22 21:00:24,602 - Transfer completed.
2020-11-22 21:00:24,602 - 
2020-11-22 21:00:25,901 - 
2020-11-22 21:00:25,901 - Starting
2020-11-22 21:00:25,901 - File :/Users/dave/Commander4j/workspace.development/sftpSend/./send/file2.xml
2020-11-22 21:00:25,901 - Size :87314 bytes.
2020-11-22 21:00:25,921 - 37%
2020-11-22 21:00:25,921 - 74%
2020-11-22 21:00:25,922 - 100%
2020-11-22 21:00:26,070 - Finished.
2020-11-22 21:00:26,129 - Transfer completed.
2020-11-22 21:00:26,130 - 
2020-11-22 21:00:27,470 - 
2020-11-22 21:00:27,470 - Starting
2020-11-22 21:00:27,471 - File :/Users/dave/Commander4j/workspace.development/sftpSend/./send/file1.xml
2020-11-22 21:00:27,471 - Size :87314 bytes.
2020-11-22 21:00:27,493 - 37%
2020-11-22 21:00:27,494 - 74%
2020-11-22 21:00:27,495 - 100%
2020-11-22 21:00:27,624 - Finished.
2020-11-22 21:00:27,682 - Transfer completed.
2020-11-22 21:00:27,682 - 
2020-11-22 21:01:52,335 - 
2020-11-22 21:01:52,337 - Starting
2020-11-22 21:01:52,337 - File :/Users/dave/Commander4j/workspace.development/sftpSend/./send/file3.xml
2020-11-22 21:01:52,337 - Size :87314 bytes.
2020-11-22 21:01:52,362 - 37%
2020-11-22 21:01:52,365 - 74%
2020-11-22 21:01:52,366 - 100%
2020-11-22 21:01:52,482 - Finished.
2020-11-22 21:01:52,540 - Transfer completed.
2020-11-22 21:01:52,541 - 
2020-11-22 21:01:53,916 - 
2020-11-22 21:01:53,917 - Starting
2020-11-22 21:01:53,917 - File :/Users/dave/Commander4j/workspace.development/sftpSend/./send/file2.xml
2020-11-22 21:01:53,917 - Size :87314 bytes.
2020-11-22 21:01:53,939 - 37%
2020-11-22 21:01:53,940 - 74%
2020-11-22 21:01:53,941 - 100%
2020-11-22 21:01:54,070 - Finished.
2020-11-22 21:01:54,129 - Transfer completed.
2020-11-22 21:01:54,129 - 
2020-11-22 21:01:55,691 - 
2020-11-22 21:01:55,691 - Starting
2020-11-22 21:01:55,691 - File :/Users/dave/Commander4j/workspace.development/sftpSend/./send/file1.xml
2020-11-22 21:01:55,691 - Size :87314 bytes.
2020-11-22 21:01:55,712 - 37%
2020-11-22 21:01:55,712 - 74%
2020-11-22 21:01:55,713 - 100%
2020-11-22 21:01:55,844 - Finished.
2020-11-22 21:01:55,904 - Transfer completed.
2020-11-22 21:01:55,904 - 
2020-11-22 21:01:57,322 - 
2020-11-22 21:01:57,322 - Starting
2020-11-22 21:01:57,322 - File :/Users/dave/Commander4j/workspace.development/sftpSend/./send/file5.xml
2020-11-22 21:01:57,323 - Size :87314 bytes.
2020-11-22 21:01:57,344 - 37%
2020-11-22 21:01:57,345 - 74%
2020-11-22 21:01:57,345 - 100%
2020-11-22 21:01:57,475 - Finished.
2020-11-22 21:01:57,535 - Transfer completed.
2020-11-22 21:01:57,535 - 
2020-11-22 21:01:58,906 - 
2020-11-22 21:01:58,906 - Starting
2020-11-22 21:01:58,907 - File :/Users/dave/Commander4j/workspace.development/sftpSend/./send/file4.xml
2020-11-22 21:01:58,907 - Size :87314 bytes.
2020-11-22 21:01:58,928 - 37%
2020-11-22 21:01:58,929 - 74%
2020-11-22 21:01:58,930 - 100%
2020-11-22 21:01:59,059 - Finished.
2020-11-22 21:01:59,118 - Transfer completed.
2020-11-22 21:01:59,118 - 
2020-11-22 21:02:00,447 - 
2020-11-22 21:02:00,447 - Starting
2020-11-22 21:02:00,447 - File :/Users/dave/Commander4j/workspace.development/sftpSend/./send/file6.xml
2020-11-22 21:02:00,447 - Size :87314 bytes.
2020-11-22 21:02:00,468 - 37%
2020-11-22 21:02:00,469 - 74%
2020-11-22 21:02:00,470 - 100%
2020-11-22 21:02:00,585 - Finished.
2020-11-22 21:02:00,643 - Transfer completed.
2020-11-22 21:02:00,643 - 
2020-11-22 21:02:01,882 - 
2020-11-22 21:02:01,882 - Starting
2020-11-22 21:02:01,883 - File :/Users/dave/Commander4j/workspace.development/sftpSend/./send/file7.xml
2020-11-22 21:02:01,883 - Size :87314 bytes.
2020-11-22 21:02:01,903 - 37%
2020-11-22 21:02:01,904 - 74%
2020-11-22 21:02:01,905 - 100%
2020-11-22 21:02:02,023 - Finished.
2020-11-22 21:02:02,082 - Transfer completed.
2020-11-22 21:02:02,082 - 
2020-11-22 21:02:03,775 - 
2020-11-22 21:02:03,776 - Starting
2020-11-22 21:02:03,776 - File :/Users/dave/Commander4j/workspace.development/sftpSend/./send/file10.xml
2020-11-22 21:02:03,776 - Size :87314 bytes.
2020-11-22 21:02:03,814 - 37%
2020-11-22 21:02:03,815 - 74%
2020-11-22 21:02:03,815 - 100%
2020-11-22 21:02:03,996 - Finished.
2020-11-22 21:02:04,117 - Transfer completed.
2020-11-22 21:02:04,117 - 
2020-11-22 21:02:05,670 - 
2020-11-22 21:02:05,671 - Starting
2020-11-22 21:02:05,671 - File :/Users/dave/Commander4j/workspace.development/sftpSend/./send/file11.xml
2020-11-22 21:02:05,671 - Size :87314 bytes.
2020-11-22 21:02:05,691 - 37%
2020-11-22 21:02:05,692 - 74%
2020-11-22 21:02:05,692 - 100%
2020-11-22 21:02:05,808 - Finished.
2020-11-22 21:02:05,864 - Transfer completed.
2020-11-22 21:02:05,865 - 
2020-11-22 21:02:07,295 - 
2020-11-22 21:02:07,295 - Starting
2020-11-22 21:02:07,295 - File :/Users/dave/Commander4j/workspace.development/sftpSend/./send/file9.xml
2020-11-22 21:02:07,295 - Size :87314 bytes.
2020-11-22 21:02:07,316 - 37%
2020-11-22 21:02:07,316 - 74%
2020-11-22 21:02:07,317 - 100%
2020-11-22 21:02:07,445 - Finished.
2020-11-22 21:02:07,504 - Transfer completed.
2020-11-22 21:02:07,504 - 
2020-11-22 21:02:08,857 - 
2020-11-22 21:02:08,858 - Starting
2020-11-22 21:02:08,858 - File :/Users/dave/Commander4j/workspace.development/sftpSend/./send/file8.xml
2020-11-22 21:02:08,858 - Size :87314 bytes.
2020-11-22 21:02:08,878 - 37%
2020-11-22 21:02:08,879 - 74%
2020-11-22 21:02:08,880 - 100%
2020-11-22 21:02:09,012 - Finished.
2020-11-22 21:02:09,069 - Transfer completed.
2020-11-22 21:02:09,069 - 
2020-11-22 21:02:10,479 - 
2020-11-22 21:02:10,479 - Starting
2020-11-22 21:02:10,479 - File :/Users/dave/Commander4j/workspace.development/sftpSend/./send/file12.xml
2020-11-22 21:02:10,480 - Size :87314 bytes.
2020-11-22 21:02:10,500 - 37%
2020-11-22 21:02:10,501 - 74%
2020-11-22 21:02:10,502 - 100%
2020-11-22 21:02:10,620 - Finished.
2020-11-22 21:02:10,678 - Transfer completed.
2020-11-22 21:02:10,678 - 
